SF:/Users/mihaieremia/GitHub/rs-liquid-xoxno/src/config.rs
FN:10,_RINvXsc_NtCsiTp6lOF01jM_15rs_liquid_xoxno6configINtB6_22UnstakeTokenAttributesINtNtNtNtCs7USFsMRR6Ir_22multiversx_sc_scenario3api7impl_vh12vm_hooks_api10VMHooksApiNtNtB1j_9debug_api15DebugApiBackendEENtNtNtCsfE8xgC3FBzK_19multiversx_sc_codec6single6top_en9TopEncode24top_encode_or_handle_errQINtNtNtNtNtCsbsz6KDzH3Ls_13multiversx_sc5types7managed5basic14managed_buffer13ManagedBufferB1e_EINtNtNtNtB4R_13contract_base8wrappers10serializer21ExitCodecErrorHandlerB1e_EECsgypdUD68fhm_14blackbox_tests
FN:10,_RINvXsd_NtCsiTp6lOF01jM_15rs_liquid_xoxno6configINtB6_22UnstakeTokenAttributesINtNtNtNtCs7USFsMRR6Ir_22multiversx_sc_scenario3api7impl_vh12vm_hooks_api10VMHooksApiNtNtB1j_9debug_api15DebugApiBackendEENtNtNtCsfE8xgC3FBzK_19multiversx_sc_codec6single6top_de9TopDecode24top_decode_or_handle_errINtNtNtNtNtCsbsz6KDzH3Ls_13multiversx_sc5types7managed5basic14managed_buffer13ManagedBufferB1e_EINtNtNtNtB4Q_13contract_base8wrappers10serializer21ExitCodecErrorHandlerB1e_EECsgypdUD68fhm_14blackbox_tests
FN:18,_RNvXNtCsiTp6lOF01jM_15rs_liquid_xoxno6configINtB4_11ContractObjINtNtNtNtCs7USFsMRR6Ir_22multiversx_sc_scenario3api7impl_vh12vm_hooks_api10VMHooksApiNtNtB14_9debug_api15DebugApiBackendEENtB2_12ConfigModule10main_tokenCsgypdUD68fhm_14blackbox_tests
FN:18,_RNvXNtCsiTp6lOF01jM_15rs_liquid_xoxno6configINtB4_11ContractObjINtNtNtNtCs7USFsMRR6Ir_22multiversx_sc_scenario3api7impl_vh12vm_hooks_api10VMHooksApiNtNtB14_9debug_api15DebugApiBackendEENtB2_12ConfigModule13unstake_tokenCsgypdUD68fhm_14blackbox_tests
FN:18,_RNvXNtCsiTp6lOF01jM_15rs_liquid_xoxno6configINtB4_11ContractObjINtNtNtNtCs7USFsMRR6Ir_22multiversx_sc_scenario3api7impl_vh12vm_hooks_api10VMHooksApiNtNtB14_9debug_api15DebugApiBackendEENtB2_12ConfigModule15ls_token_supplyCsgypdUD68fhm_14blackbox_tests
FN:18,_RNvXNtCsiTp6lOF01jM_15rs_liquid_xoxno6configINtB4_11ContractObjINtNtNtNtCs7USFsMRR6Ir_22multiversx_sc_scenario3api7impl_vh12vm_hooks_api10VMHooksApiNtNtB14_9debug_api15DebugApiBackendEENtB2_12ConfigModule20unstake_token_supplyCsgypdUD68fhm_14blackbox_tests
FN:18,_RNvXNtCsiTp6lOF01jM_15rs_liquid_xoxno6configINtB4_11ContractObjINtNtNtNtCs7USFsMRR6Ir_22multiversx_sc_scenario3api7impl_vh12vm_hooks_api10VMHooksApiNtNtB14_9debug_api15DebugApiBackendEENtB2_12ConfigModule21virtual_xoxno_reserveCsgypdUD68fhm_14blackbox_tests
FN:18,_RNvXNtCsiTp6lOF01jM_15rs_liquid_xoxno6configINtB4_11ContractObjINtNtNtNtCs7USFsMRR6Ir_22multiversx_sc_scenario3api7impl_vh12vm_hooks_api10VMHooksApiNtNtB14_9debug_api15DebugApiBackendEENtB2_12ConfigModule5stateCsgypdUD68fhm_14blackbox_tests
FN:18,_RNvXNtCsiTp6lOF01jM_15rs_liquid_xoxno6configINtB4_11ContractObjINtNtNtNtCs7USFsMRR6Ir_22multiversx_sc_scenario3api7impl_vh12vm_hooks_api10VMHooksApiNtNtB14_9debug_api15DebugApiBackendEENtB2_12ConfigModule8ls_tokenCsgypdUD68fhm_14blackbox_tests
FN:74,_RNvYINtCsiTp6lOF01jM_15rs_liquid_xoxno11ContractObjINtNtNtNtCs7USFsMRR6Ir_22multiversx_sc_scenario3api7impl_vh12vm_hooks_api10VMHooksApiNtNtBS_9debug_api15DebugApiBackendEENtNtB5_6config12ConfigModule15is_state_activeCsgypdUD68fhm_14blackbox_tests
FN:63,_RNvYINtCsiTp6lOF01jM_15rs_liquid_xoxno11ContractObjINtNtNtNtCs7USFsMRR6Ir_22multiversx_sc_scenario3api7impl_vh12vm_hooks_api10VMHooksApiNtNtBS_9debug_api15DebugApiBackendEENtNtB5_6config12ConfigModule16set_state_activeCsgypdUD68fhm_14blackbox_tests
FN:30,_RNvYINtCsiTp6lOF01jM_15rs_liquid_xoxno11ContractObjINtNtNtNtCs7USFsMRR6Ir_22multiversx_sc_scenario3api7impl_vh12vm_hooks_api10VMHooksApiNtNtBS_9debug_api15DebugApiBackendEENtNtB5_6config12ConfigModule17register_ls_tokenCsgypdUD68fhm_14blackbox_tests
FN:69,_RNvYINtCsiTp6lOF01jM_15rs_liquid_xoxno11ContractObjINtNtNtNtCs7USFsMRR6Ir_22multiversx_sc_scenario3api7impl_vh12vm_hooks_api10VMHooksApiNtNtBS_9debug_api15DebugApiBackendEENtNtB5_6config12ConfigModule18set_state_inactiveCsgypdUD68fhm_14blackbox_tests
FN:49,_RNvYINtCsiTp6lOF01jM_15rs_liquid_xoxno11ContractObjINtNtNtNtCs7USFsMRR6Ir_22multiversx_sc_scenario3api7impl_vh12vm_hooks_api10VMHooksApiNtNtBS_9debug_api15DebugApiBackendEENtNtB5_6config12ConfigModule22register_unstake_tokenCsgypdUD68fhm_14blackbox_tests
FN:18,_RNvYINtCsiTp6lOF01jM_15rs_liquid_xoxno11ContractObjINtNtNtNtCs7USFsMRR6Ir_22multiversx_sc_scenario3api7impl_vh12vm_hooks_api10VMHooksApiNtNtBS_9debug_api15DebugApiBackendEENtNtB5_6config16EndpointWrappers10call_stateCsgypdUD68fhm_14blackbox_tests
FN:18,_RNvYINtCsiTp6lOF01jM_15rs_liquid_xoxno11ContractObjINtNtNtNtCs7USFsMRR6Ir_22multiversx_sc_scenario3api7impl_vh12vm_hooks_api10VMHooksApiNtNtBS_9debug_api15DebugApiBackendEENtNtB5_6config16EndpointWrappers13call_ls_tokenCsgypdUD68fhm_14blackbox_tests
FN:18,_RNvYINtCsiTp6lOF01jM_15rs_liquid_xoxno11ContractObjINtNtNtNtCs7USFsMRR6Ir_22multiversx_sc_scenario3api7impl_vh12vm_hooks_api10VMHooksApiNtNtBS_9debug_api15DebugApiBackendEENtNtB5_6config16EndpointWrappers15call_main_tokenCsgypdUD68fhm_14blackbox_tests
FN:18,_RNvYINtCsiTp6lOF01jM_15rs_liquid_xoxno11ContractObjINtNtNtNtCs7USFsMRR6Ir_22multiversx_sc_scenario3api7impl_vh12vm_hooks_api10VMHooksApiNtNtBS_9debug_api15DebugApiBackendEENtNtB5_6config16EndpointWrappers17callback_selectorCsgypdUD68fhm_14blackbox_tests
FN:18,_RNvYINtCsiTp6lOF01jM_15rs_liquid_xoxno11ContractObjINtNtNtNtCs7USFsMRR6Ir_22multiversx_sc_scenario3api7impl_vh12vm_hooks_api10VMHooksApiNtNtBS_9debug_api15DebugApiBackendEENtNtB5_6config16EndpointWrappers18call_unstake_tokenCsgypdUD68fhm_14blackbox_tests
FN:18,_RNvYINtCsiTp6lOF01jM_15rs_liquid_xoxno11ContractObjINtNtNtNtCs7USFsMRR6Ir_22multiversx_sc_scenario3api7impl_vh12vm_hooks_api10VMHooksApiNtNtBS_9debug_api15DebugApiBackendEENtNtB5_6config16EndpointWrappers20call_ls_token_supplyCsgypdUD68fhm_14blackbox_tests
FN:18,_RNvYINtCsiTp6lOF01jM_15rs_liquid_xoxno11ContractObjINtNtNtNtCs7USFsMRR6Ir_22multiversx_sc_scenario3api7impl_vh12vm_hooks_api10VMHooksApiNtNtBS_9debug_api15DebugApiBackendEENtNtB5_6config16EndpointWrappers21call_set_state_activeCsgypdUD68fhm_14blackbox_tests
FN:18,_RNvYINtCsiTp6lOF01jM_15rs_liquid_xoxno11ContractObjINtNtNtNtCs7USFsMRR6Ir_22multiversx_sc_scenario3api7impl_vh12vm_hooks_api10VMHooksApiNtNtBS_9debug_api15DebugApiBackendEENtNtB5_6config16EndpointWrappers22call_register_ls_tokenCsgypdUD68fhm_14blackbox_tests
FN:18,_RNvYINtCsiTp6lOF01jM_15rs_liquid_xoxno11ContractObjINtNtNtNtCs7USFsMRR6Ir_22multiversx_sc_scenario3api7impl_vh12vm_hooks_api10VMHooksApiNtNtBS_9debug_api15DebugApiBackendEENtNtB5_6config16EndpointWrappers23call_set_state_inactiveCsgypdUD68fhm_14blackbox_tests
FN:18,_RNvYINtCsiTp6lOF01jM_15rs_liquid_xoxno11ContractObjINtNtNtNtCs7USFsMRR6Ir_22multiversx_sc_scenario3api7impl_vh12vm_hooks_api10VMHooksApiNtNtBS_9debug_api15DebugApiBackendEENtNtB5_6config16EndpointWrappers25call_unstake_token_supplyCsgypdUD68fhm_14blackbox_tests
FN:18,_RNvYINtCsiTp6lOF01jM_15rs_liquid_xoxno11ContractObjINtNtNtNtCs7USFsMRR6Ir_22multiversx_sc_scenario3api7impl_vh12vm_hooks_api10VMHooksApiNtNtBS_9debug_api15DebugApiBackendEENtNtB5_6config16EndpointWrappers26call_virtual_xoxno_reserveCsgypdUD68fhm_14blackbox_tests
FN:18,_RNvYINtCsiTp6lOF01jM_15rs_liquid_xoxno11ContractObjINtNtNtNtCs7USFsMRR6Ir_22multiversx_sc_scenario3api7impl_vh12vm_hooks_api10VMHooksApiNtNtBS_9debug_api15DebugApiBackendEENtNtB5_6config16EndpointWrappers27call_register_unstake_tokenCsgypdUD68fhm_14blackbox_tests
FN:18,_RNvYINtCsiTp6lOF01jM_15rs_liquid_xoxno11ContractObjINtNtNtNtCs7USFsMRR6Ir_22multiversx_sc_scenario3api7impl_vh12vm_hooks_api10VMHooksApiNtNtBS_9debug_api15DebugApiBackendEENtNtB5_6config16EndpointWrappers4callCsgypdUD68fhm_14blackbox_tests
FN:18,_RNvYINtCsiTp6lOF01jM_15rs_liquid_xoxno11ContractObjINtNtNtNtCs7USFsMRR6Ir_22multiversx_sc_scenario3api7impl_vh12vm_hooks_api10VMHooksApiNtNtBS_9debug_api15DebugApiBackendEENtNtB5_6config16EndpointWrappers8callbackCsgypdUD68fhm_14blackbox_tests
FN:10,_RINvXININtCs8Hczb6gz64m_15rs_liquid_xoxno6configsc_0pEINtB6_22UnstakeTokenAttributespENtNtNtCsfE8xgC3FBzK_19multiversx_sc_codec6single6top_en9TopEncode24top_encode_or_handle_errppEB8_
FN:10,_RINvXININtCs8Hczb6gz64m_15rs_liquid_xoxno6configsd_0pEINtB6_22UnstakeTokenAttributespENtNtNtCsfE8xgC3FBzK_19multiversx_sc_codec6single6top_de9TopDecode24top_decode_or_handle_errppEB8_
FN:10,_RINvXININtCs8Hczb6gz64m_15rs_liquid_xoxno6configse_0pEINtB6_22UnstakeTokenAttributespENtNtNtCsfE8xgC3FBzK_19multiversx_sc_codec6single9nested_en12NestedEncode24dep_encode_or_handle_errppEB8_
FN:10,_RINvXININtCs8Hczb6gz64m_15rs_liquid_xoxno6configsf_0pEINtB6_22UnstakeTokenAttributespENtNtNtCsfE8xgC3FBzK_19multiversx_sc_codec6single9nested_de12NestedDecode24dep_decode_or_handle_errppEB8_
FN:9,_RNvXININtCs8Hczb6gz64m_15rs_liquid_xoxno6configsb_0pEINtB5_22UnstakeTokenAttributespENtNtNtCsbsz6KDzH3Ls_13multiversx_sc3abi8type_abi7TypeAbi9type_nameB7_
FN:9,_RINvXININtCs8Hczb6gz64m_15rs_liquid_xoxno6configsb_0pEINtB6_22UnstakeTokenAttributespENtNtNtCsbsz6KDzH3Ls_13multiversx_sc3abi8type_abi7TypeAbi25provide_type_descriptionspEB8_
FN:30,_RNvYpNtNtCs8Hczb6gz64m_15rs_liquid_xoxno6config12ConfigModule17register_ls_tokenB7_
FN:49,_RNvYpNtNtCs8Hczb6gz64m_15rs_liquid_xoxno6config12ConfigModule22register_unstake_tokenB7_
FN:63,_RNvYpNtNtCs8Hczb6gz64m_15rs_liquid_xoxno6config12ConfigModule16set_state_activeB7_
FN:69,_RNvYpNtNtCs8Hczb6gz64m_15rs_liquid_xoxno6config12ConfigModule18set_state_inactiveB7_
FN:74,_RNvYpNtNtCs8Hczb6gz64m_15rs_liquid_xoxno6config12ConfigModule15is_state_activeB7_
FN:18,_RNvXININtCs8Hczb6gz64m_15rs_liquid_xoxno6config0pEpNtB5_12ConfigModule5stateB7_
FN:18,_RNvXININtCs8Hczb6gz64m_15rs_liquid_xoxno6config0pEpNtB5_12ConfigModule8ls_tokenB7_
FN:18,_RNvXININtCs8Hczb6gz64m_15rs_liquid_xoxno6config0pEpNtB5_12ConfigModule10main_tokenB7_
FN:18,_RNvXININtCs8Hczb6gz64m_15rs_liquid_xoxno6config0pEpNtB5_12ConfigModule15ls_token_supplyB7_
FN:18,_RNvXININtCs8Hczb6gz64m_15rs_liquid_xoxno6config0pEpNtB5_12ConfigModule21virtual_xoxno_reserveB7_
FN:18,_RNvXININtCs8Hczb6gz64m_15rs_liquid_xoxno6config0pEpNtB5_12ConfigModule13unstake_tokenB7_
FN:18,_RNvXININtCs8Hczb6gz64m_15rs_liquid_xoxno6config0pEpNtB5_12ConfigModule20unstake_token_supplyB7_
FN:18,_RNvYpNtNtCs8Hczb6gz64m_15rs_liquid_xoxno6config16EndpointWrappers22call_register_ls_tokenB7_
FN:18,_RNvYpNtNtCs8Hczb6gz64m_15rs_liquid_xoxno6config16EndpointWrappers27call_register_unstake_tokenB7_
FN:18,_RNvYpNtNtCs8Hczb6gz64m_15rs_liquid_xoxno6config16EndpointWrappers21call_set_state_activeB7_
FN:18,_RNvYpNtNtCs8Hczb6gz64m_15rs_liquid_xoxno6config16EndpointWrappers23call_set_state_inactiveB7_
FN:18,_RNvYpNtNtCs8Hczb6gz64m_15rs_liquid_xoxno6config16EndpointWrappers10call_stateB7_
FN:18,_RNvYpNtNtCs8Hczb6gz64m_15rs_liquid_xoxno6config16EndpointWrappers13call_ls_tokenB7_
FN:18,_RNvYpNtNtCs8Hczb6gz64m_15rs_liquid_xoxno6config16EndpointWrappers15call_main_tokenB7_
FN:18,_RNvYpNtNtCs8Hczb6gz64m_15rs_liquid_xoxno6config16EndpointWrappers20call_ls_token_supplyB7_
FN:18,_RNvYpNtNtCs8Hczb6gz64m_15rs_liquid_xoxno6config16EndpointWrappers26call_virtual_xoxno_reserveB7_
FN:18,_RNvYpNtNtCs8Hczb6gz64m_15rs_liquid_xoxno6config16EndpointWrappers18call_unstake_tokenB7_
FN:18,_RNvYpNtNtCs8Hczb6gz64m_15rs_liquid_xoxno6config16EndpointWrappers25call_unstake_token_supplyB7_
FN:18,_RNvYpNtNtCs8Hczb6gz64m_15rs_liquid_xoxno6config16EndpointWrappers4callB7_
FN:18,_RNvYpNtNtCs8Hczb6gz64m_15rs_liquid_xoxno6config16EndpointWrappers17callback_selectorB7_
FN:18,_RNvYpNtNtCs8Hczb6gz64m_15rs_liquid_xoxno6config16EndpointWrappers8callbackB7_
FN:18,_RNvXs1_NtCs8Hczb6gz64m_15rs_liquid_xoxno6configNtB5_11AbiProviderNtNtNtCsbsz6KDzH3Ls_13multiversx_sc13contract_base21contract_abi_provider19ContractAbiProvider3abi
FN:18,_RNvXININtCs8Hczb6gz64m_15rs_liquid_xoxno6configs7_0pEINtB5_11ContractObjpENtNtNtCsbsz6KDzH3Ls_13multiversx_sc13contract_base17callable_contract16CallableContract4callB7_
FN:18,_RINvNtCs8Hczb6gz64m_15rs_liquid_xoxno6config12contract_objpEB4_
FN:18,_RINvXs8_NtCs8Hczb6gz64m_15rs_liquid_xoxno6configNtB6_15ContractBuilderNtNtNtCsbsz6KDzH3Ls_13multiversx_sc13contract_base17callable_contract23CallableContractBuilder16new_contract_objpEB8_
FN:18,_RINvNtNtCs8Hczb6gz64m_15rs_liquid_xoxno6config19___wasm__endpoints__17register_ls_tokenpEB6_
FN:18,_RINvNtNtCs8Hczb6gz64m_15rs_liquid_xoxno6config19___wasm__endpoints__22register_unstake_tokenpEB6_
FN:18,_RINvNtNtCs8Hczb6gz64m_15rs_liquid_xoxno6config19___wasm__endpoints__16set_state_activepEB6_
FN:18,_RINvNtNtCs8Hczb6gz64m_15rs_liquid_xoxno6config19___wasm__endpoints__18set_state_inactivepEB6_
FN:18,_RINvNtNtCs8Hczb6gz64m_15rs_liquid_xoxno6config19___wasm__endpoints__5statepEB6_
FN:18,_RINvNtNtCs8Hczb6gz64m_15rs_liquid_xoxno6config19___wasm__endpoints__8ls_tokenpEB6_
FN:18,_RINvNtNtCs8Hczb6gz64m_15rs_liquid_xoxno6config19___wasm__endpoints__10main_tokenpEB6_
FN:18,_RINvNtNtCs8Hczb6gz64m_15rs_liquid_xoxno6config19___wasm__endpoints__15ls_token_supplypEB6_
FN:18,_RINvNtNtCs8Hczb6gz64m_15rs_liquid_xoxno6config19___wasm__endpoints__21virtual_xoxno_reservepEB6_
FN:18,_RINvNtNtCs8Hczb6gz64m_15rs_liquid_xoxno6config19___wasm__endpoints__13unstake_tokenpEB6_
FN:18,_RINvNtNtCs8Hczb6gz64m_15rs_liquid_xoxno6config19___wasm__endpoints__20unstake_token_supplypEB6_
FN:18,_RINvYpNtNtCs8Hczb6gz64m_15rs_liquid_xoxno6config10ProxyTrait17register_ls_tokenpppEB8_
FN:18,_RINvYpNtNtCs8Hczb6gz64m_15rs_liquid_xoxno6config10ProxyTrait22register_unstake_tokenpppEB8_
FN:18,_RNvYpNtNtCs8Hczb6gz64m_15rs_liquid_xoxno6config10ProxyTrait16set_state_activeB7_
FN:18,_RNvYpNtNtCs8Hczb6gz64m_15rs_liquid_xoxno6config10ProxyTrait18set_state_inactiveB7_
FN:18,_RNvYpNtNtCs8Hczb6gz64m_15rs_liquid_xoxno6config10ProxyTrait5stateB7_
FN:18,_RNvYpNtNtCs8Hczb6gz64m_15rs_liquid_xoxno6config10ProxyTrait8ls_tokenB7_
FN:18,_RNvYpNtNtCs8Hczb6gz64m_15rs_liquid_xoxno6config10ProxyTrait10main_tokenB7_
FN:18,_RNvYpNtNtCs8Hczb6gz64m_15rs_liquid_xoxno6config10ProxyTrait15ls_token_supplyB7_
FN:18,_RNvYpNtNtCs8Hczb6gz64m_15rs_liquid_xoxno6config10ProxyTrait21virtual_xoxno_reserveB7_
FN:18,_RNvYpNtNtCs8Hczb6gz64m_15rs_liquid_xoxno6config10ProxyTrait13unstake_tokenB7_
FN:18,_RNvYpNtNtCs8Hczb6gz64m_15rs_liquid_xoxno6config10ProxyTrait20unstake_token_supplyB7_
FNDA:6,_RINvXsc_NtCsiTp6lOF01jM_15rs_liquid_xoxno6configINtB6_22UnstakeTokenAttributesINtNtNtNtCs7USFsMRR6Ir_22multiversx_sc_scenario3api7impl_vh12vm_hooks_api10VMHooksApiNtNtB1j_9debug_api15DebugApiBackendEENtNtNtCsfE8xgC3FBzK_19multiversx_sc_codec6single6top_en9TopEncode24top_encode_or_handle_errQINtNtNtNtNtCsbsz6KDzH3Ls_13multiversx_sc5types7managed5basic14managed_buffer13ManagedBufferB1e_EINtNtNtNtB4R_13contract_base8wrappers10serializer21ExitCodecErrorHandlerB1e_EECsgypdUD68fhm_14blackbox_tests
FNDA:2,_RINvXsd_NtCsiTp6lOF01jM_15rs_liquid_xoxno6configINtB6_22UnstakeTokenAttributesINtNtNtNtCs7USFsMRR6Ir_22multiversx_sc_scenario3api7impl_vh12vm_hooks_api10VMHooksApiNtNtB1j_9debug_api15DebugApiBackendEENtNtNtCsfE8xgC3FBzK_19multiversx_sc_codec6single6top_de9TopDecode24top_decode_or_handle_errINtNtNtNtNtCsbsz6KDzH3Ls_13multiversx_sc5types7managed5basic14managed_buffer13ManagedBufferB1e_EINtNtNtNtB4Q_13contract_base8wrappers10serializer21ExitCodecErrorHandlerB1e_EECsgypdUD68fhm_14blackbox_tests
FNDA:33,_RNvXNtCsiTp6lOF01jM_15rs_liquid_xoxno6configINtB4_11ContractObjINtNtNtNtCs7USFsMRR6Ir_22multiversx_sc_scenario3api7impl_vh12vm_hooks_api10VMHooksApiNtNtB14_9debug_api15DebugApiBackendEENtB2_12ConfigModule10main_tokenCsgypdUD68fhm_14blackbox_tests
FNDA:11,_RNvXNtCsiTp6lOF01jM_15rs_liquid_xoxno6configINtB4_11ContractObjINtNtNtNtCs7USFsMRR6Ir_22multiversx_sc_scenario3api7impl_vh12vm_hooks_api10VMHooksApiNtNtB14_9debug_api15DebugApiBackendEENtB2_12ConfigModule13unstake_tokenCsgypdUD68fhm_14blackbox_tests
FNDA:83,_RNvXNtCsiTp6lOF01jM_15rs_liquid_xoxno6configINtB4_11ContractObjINtNtNtNtCs7USFsMRR6Ir_22multiversx_sc_scenario3api7impl_vh12vm_hooks_api10VMHooksApiNtNtB14_9debug_api15DebugApiBackendEENtB2_12ConfigModule15ls_token_supplyCsgypdUD68fhm_14blackbox_tests
FNDA:65,_RNvXNtCsiTp6lOF01jM_15rs_liquid_xoxno6configINtB4_11ContractObjINtNtNtNtCs7USFsMRR6Ir_22multiversx_sc_scenario3api7impl_vh12vm_hooks_api10VMHooksApiNtNtB14_9debug_api15DebugApiBackendEENtB2_12ConfigModule20unstake_token_supplyCsgypdUD68fhm_14blackbox_tests
FNDA:84,_RNvXNtCsiTp6lOF01jM_15rs_liquid_xoxno6configINtB4_11ContractObjINtNtNtNtCs7USFsMRR6Ir_22multiversx_sc_scenario3api7impl_vh12vm_hooks_api10VMHooksApiNtNtB14_9debug_api15DebugApiBackendEENtB2_12ConfigModule21virtual_xoxno_reserveCsgypdUD68fhm_14blackbox_tests
FNDA:48,_RNvXNtCsiTp6lOF01jM_15rs_liquid_xoxno6configINtB4_11ContractObjINtNtNtNtCs7USFsMRR6Ir_22multiversx_sc_scenario3api7impl_vh12vm_hooks_api10VMHooksApiNtNtB14_9debug_api15DebugApiBackendEENtB2_12ConfigModule5stateCsgypdUD68fhm_14blackbox_tests
FNDA:54,_RNvXNtCsiTp6lOF01jM_15rs_liquid_xoxno6configINtB4_11ContractObjINtNtNtNtCs7USFsMRR6Ir_22multiversx_sc_scenario3api7impl_vh12vm_hooks_api10VMHooksApiNtNtB14_9debug_api15DebugApiBackendEENtB2_12ConfigModule8ls_tokenCsgypdUD68fhm_14blackbox_tests
FNDA:32,_RNvYINtCsiTp6lOF01jM_15rs_liquid_xoxno11ContractObjINtNtNtNtCs7USFsMRR6Ir_22multiversx_sc_scenario3api7impl_vh12vm_hooks_api10VMHooksApiNtNtBS_9debug_api15DebugApiBackendEENtNtB5_6config12ConfigModule15is_state_activeCsgypdUD68fhm_14blackbox_tests
FNDA:12,_RNvYINtCsiTp6lOF01jM_15rs_liquid_xoxno11ContractObjINtNtNtNtCs7USFsMRR6Ir_22multiversx_sc_scenario3api7impl_vh12vm_hooks_api10VMHooksApiNtNtBS_9debug_api15DebugApiBackendEENtNtB5_6config12ConfigModule16set_state_activeCsgypdUD68fhm_14blackbox_tests
FNDA:0,_RNvYINtCsiTp6lOF01jM_15rs_liquid_xoxno11ContractObjINtNtNtNtCs7USFsMRR6Ir_22multiversx_sc_scenario3api7impl_vh12vm_hooks_api10VMHooksApiNtNtBS_9debug_api15DebugApiBackendEENtNtB5_6config12ConfigModule17register_ls_tokenCsgypdUD68fhm_14blackbox_tests
FNDA:1,_RNvYINtCsiTp6lOF01jM_15rs_liquid_xoxno11ContractObjINtNtNtNtCs7USFsMRR6Ir_22multiversx_sc_scenario3api7impl_vh12vm_hooks_api10VMHooksApiNtNtBS_9debug_api15DebugApiBackendEENtNtB5_6config12ConfigModule18set_state_inactiveCsgypdUD68fhm_14blackbox_tests
FNDA:0,_RNvYINtCsiTp6lOF01jM_15rs_liquid_xoxno11ContractObjINtNtNtNtCs7USFsMRR6Ir_22multiversx_sc_scenario3api7impl_vh12vm_hooks_api10VMHooksApiNtNtBS_9debug_api15DebugApiBackendEENtNtB5_6config12ConfigModule22register_unstake_tokenCsgypdUD68fhm_14blackbox_tests
FNDA:3,_RNvYINtCsiTp6lOF01jM_15rs_liquid_xoxno11ContractObjINtNtNtNtCs7USFsMRR6Ir_22multiversx_sc_scenario3api7impl_vh12vm_hooks_api10VMHooksApiNtNtBS_9debug_api15DebugApiBackendEENtNtB5_6config16EndpointWrappers10call_stateCsgypdUD68fhm_14blackbox_tests
FNDA:0,_RNvYINtCsiTp6lOF01jM_15rs_liquid_xoxno11ContractObjINtNtNtNtCs7USFsMRR6Ir_22multiversx_sc_scenario3api7impl_vh12vm_hooks_api10VMHooksApiNtNtBS_9debug_api15DebugApiBackendEENtNtB5_6config16EndpointWrappers13call_ls_tokenCsgypdUD68fhm_14blackbox_tests
FNDA:1,_RNvYINtCsiTp6lOF01jM_15rs_liquid_xoxno11ContractObjINtNtNtNtCs7USFsMRR6Ir_22multiversx_sc_scenario3api7impl_vh12vm_hooks_api10VMHooksApiNtNtBS_9debug_api15DebugApiBackendEENtNtB5_6config16EndpointWrappers15call_main_tokenCsgypdUD68fhm_14blackbox_tests
FNDA:0,_RNvYINtCsiTp6lOF01jM_15rs_liquid_xoxno11ContractObjINtNtNtNtCs7USFsMRR6Ir_22multiversx_sc_scenario3api7impl_vh12vm_hooks_api10VMHooksApiNtNtBS_9debug_api15DebugApiBackendEENtNtB5_6config16EndpointWrappers17callback_selectorCsgypdUD68fhm_14blackbox_tests
FNDA:0,_RNvYINtCsiTp6lOF01jM_15rs_liquid_xoxno11ContractObjINtNtNtNtCs7USFsMRR6Ir_22multiversx_sc_scenario3api7impl_vh12vm_hooks_api10VMHooksApiNtNtBS_9debug_api15DebugApiBackendEENtNtB5_6config16EndpointWrappers18call_unstake_tokenCsgypdUD68fhm_14blackbox_tests
FNDA:19,_RNvYINtCsiTp6lOF01jM_15rs_liquid_xoxno11ContractObjINtNtNtNtCs7USFsMRR6Ir_22multiversx_sc_scenario3api7impl_vh12vm_hooks_api10VMHooksApiNtNtBS_9debug_api15DebugApiBackendEENtNtB5_6config16EndpointWrappers20call_ls_token_supplyCsgypdUD68fhm_14blackbox_tests
FNDA:12,_RNvYINtCsiTp6lOF01jM_15rs_liquid_xoxno11ContractObjINtNtNtNtCs7USFsMRR6Ir_22multiversx_sc_scenario3api7impl_vh12vm_hooks_api10VMHooksApiNtNtBS_9debug_api15DebugApiBackendEENtNtB5_6config16EndpointWrappers21call_set_state_activeCsgypdUD68fhm_14blackbox_tests
FNDA:0,_RNvYINtCsiTp6lOF01jM_15rs_liquid_xoxno11ContractObjINtNtNtNtCs7USFsMRR6Ir_22multiversx_sc_scenario3api7impl_vh12vm_hooks_api10VMHooksApiNtNtBS_9debug_api15DebugApiBackendEENtNtB5_6config16EndpointWrappers22call_register_ls_tokenCsgypdUD68fhm_14blackbox_tests
FNDA:1,_RNvYINtCsiTp6lOF01jM_15rs_liquid_xoxno11ContractObjINtNtNtNtCs7USFsMRR6Ir_22multiversx_sc_scenario3api7impl_vh12vm_hooks_api10VMHooksApiNtNtBS_9debug_api15DebugApiBackendEENtNtB5_6config16EndpointWrappers23call_set_state_inactiveCsgypdUD68fhm_14blackbox_tests
FNDA:1,_RNvYINtCsiTp6lOF01jM_15rs_liquid_xoxno11ContractObjINtNtNtNtCs7USFsMRR6Ir_22multiversx_sc_scenario3api7impl_vh12vm_hooks_api10VMHooksApiNtNtBS_9debug_api15DebugApiBackendEENtNtB5_6config16EndpointWrappers25call_unstake_token_supplyCsgypdUD68fhm_14blackbox_tests
FNDA:20,_RNvYINtCsiTp6lOF01jM_15rs_liquid_xoxno11ContractObjINtNtNtNtCs7USFsMRR6Ir_22multiversx_sc_scenario3api7impl_vh12vm_hooks_api10VMHooksApiNtNtBS_9debug_api15DebugApiBackendEENtNtB5_6config16EndpointWrappers26call_virtual_xoxno_reserveCsgypdUD68fhm_14blackbox_tests
FNDA:0,_RNvYINtCsiTp6lOF01jM_15rs_liquid_xoxno11ContractObjINtNtNtNtCs7USFsMRR6Ir_22multiversx_sc_scenario3api7impl_vh12vm_hooks_api10VMHooksApiNtNtBS_9debug_api15DebugApiBackendEENtNtB5_6config16EndpointWrappers27call_register_unstake_tokenCsgypdUD68fhm_14blackbox_tests
FNDA:57,_RNvYINtCsiTp6lOF01jM_15rs_liquid_xoxno11ContractObjINtNtNtNtCs7USFsMRR6Ir_22multiversx_sc_scenario3api7impl_vh12vm_hooks_api10VMHooksApiNtNtBS_9debug_api15DebugApiBackendEENtNtB5_6config16EndpointWrappers4callCsgypdUD68fhm_14blackbox_tests
FNDA:0,_RNvYINtCsiTp6lOF01jM_15rs_liquid_xoxno11ContractObjINtNtNtNtCs7USFsMRR6Ir_22multiversx_sc_scenario3api7impl_vh12vm_hooks_api10VMHooksApiNtNtBS_9debug_api15DebugApiBackendEENtNtB5_6config16EndpointWrappers8callbackCsgypdUD68fhm_14blackbox_tests
FNDA:0,_RINvXININtCs8Hczb6gz64m_15rs_liquid_xoxno6configsc_0pEINtB6_22UnstakeTokenAttributespENtNtNtCsfE8xgC3FBzK_19multiversx_sc_codec6single6top_en9TopEncode24top_encode_or_handle_errppEB8_
FNDA:0,_RINvXININtCs8Hczb6gz64m_15rs_liquid_xoxno6configsd_0pEINtB6_22UnstakeTokenAttributespENtNtNtCsfE8xgC3FBzK_19multiversx_sc_codec6single6top_de9TopDecode24top_decode_or_handle_errppEB8_
FNDA:0,_RINvXININtCs8Hczb6gz64m_15rs_liquid_xoxno6configse_0pEINtB6_22UnstakeTokenAttributespENtNtNtCsfE8xgC3FBzK_19multiversx_sc_codec6single9nested_en12NestedEncode24dep_encode_or_handle_errppEB8_
FNDA:0,_RINvXININtCs8Hczb6gz64m_15rs_liquid_xoxno6configsf_0pEINtB6_22UnstakeTokenAttributespENtNtNtCsfE8xgC3FBzK_19multiversx_sc_codec6single9nested_de12NestedDecode24dep_decode_or_handle_errppEB8_
FNDA:0,_RNvXININtCs8Hczb6gz64m_15rs_liquid_xoxno6configsb_0pEINtB5_22UnstakeTokenAttributespENtNtNtCsbsz6KDzH3Ls_13multiversx_sc3abi8type_abi7TypeAbi9type_nameB7_
FNDA:0,_RINvXININtCs8Hczb6gz64m_15rs_liquid_xoxno6configsb_0pEINtB6_22UnstakeTokenAttributespENtNtNtCsbsz6KDzH3Ls_13multiversx_sc3abi8type_abi7TypeAbi25provide_type_descriptionspEB8_
FNDA:0,_RNvYpNtNtCs8Hczb6gz64m_15rs_liquid_xoxno6config12ConfigModule17register_ls_tokenB7_
FNDA:0,_RNvYpNtNtCs8Hczb6gz64m_15rs_liquid_xoxno6config12ConfigModule22register_unstake_tokenB7_
FNDA:0,_RNvYpNtNtCs8Hczb6gz64m_15rs_liquid_xoxno6config12ConfigModule16set_state_activeB7_
FNDA:0,_RNvYpNtNtCs8Hczb6gz64m_15rs_liquid_xoxno6config12ConfigModule18set_state_inactiveB7_
FNDA:0,_RNvYpNtNtCs8Hczb6gz64m_15rs_liquid_xoxno6config12ConfigModule15is_state_activeB7_
FNDA:0,_RNvXININtCs8Hczb6gz64m_15rs_liquid_xoxno6config0pEpNtB5_12ConfigModule5stateB7_
FNDA:0,_RNvXININtCs8Hczb6gz64m_15rs_liquid_xoxno6config0pEpNtB5_12ConfigModule8ls_tokenB7_
FNDA:0,_RNvXININtCs8Hczb6gz64m_15rs_liquid_xoxno6config0pEpNtB5_12ConfigModule10main_tokenB7_
FNDA:0,_RNvXININtCs8Hczb6gz64m_15rs_liquid_xoxno6config0pEpNtB5_12ConfigModule15ls_token_supplyB7_
FNDA:0,_RNvXININtCs8Hczb6gz64m_15rs_liquid_xoxno6config0pEpNtB5_12ConfigModule21virtual_xoxno_reserveB7_
FNDA:0,_RNvXININtCs8Hczb6gz64m_15rs_liquid_xoxno6config0pEpNtB5_12ConfigModule13unstake_tokenB7_
FNDA:0,_RNvXININtCs8Hczb6gz64m_15rs_liquid_xoxno6config0pEpNtB5_12ConfigModule20unstake_token_supplyB7_
FNDA:0,_RNvYpNtNtCs8Hczb6gz64m_15rs_liquid_xoxno6config16EndpointWrappers22call_register_ls_tokenB7_
FNDA:0,_RNvYpNtNtCs8Hczb6gz64m_15rs_liquid_xoxno6config16EndpointWrappers27call_register_unstake_tokenB7_
FNDA:0,_RNvYpNtNtCs8Hczb6gz64m_15rs_liquid_xoxno6config16EndpointWrappers21call_set_state_activeB7_
FNDA:0,_RNvYpNtNtCs8Hczb6gz64m_15rs_liquid_xoxno6config16EndpointWrappers23call_set_state_inactiveB7_
FNDA:0,_RNvYpNtNtCs8Hczb6gz64m_15rs_liquid_xoxno6config16EndpointWrappers10call_stateB7_
FNDA:0,_RNvYpNtNtCs8Hczb6gz64m_15rs_liquid_xoxno6config16EndpointWrappers13call_ls_tokenB7_
FNDA:0,_RNvYpNtNtCs8Hczb6gz64m_15rs_liquid_xoxno6config16EndpointWrappers15call_main_tokenB7_
FNDA:0,_RNvYpNtNtCs8Hczb6gz64m_15rs_liquid_xoxno6config16EndpointWrappers20call_ls_token_supplyB7_
FNDA:0,_RNvYpNtNtCs8Hczb6gz64m_15rs_liquid_xoxno6config16EndpointWrappers26call_virtual_xoxno_reserveB7_
FNDA:0,_RNvYpNtNtCs8Hczb6gz64m_15rs_liquid_xoxno6config16EndpointWrappers18call_unstake_tokenB7_
FNDA:0,_RNvYpNtNtCs8Hczb6gz64m_15rs_liquid_xoxno6config16EndpointWrappers25call_unstake_token_supplyB7_
FNDA:0,_RNvYpNtNtCs8Hczb6gz64m_15rs_liquid_xoxno6config16EndpointWrappers4callB7_
FNDA:0,_RNvYpNtNtCs8Hczb6gz64m_15rs_liquid_xoxno6config16EndpointWrappers17callback_selectorB7_
FNDA:0,_RNvYpNtNtCs8Hczb6gz64m_15rs_liquid_xoxno6config16EndpointWrappers8callbackB7_
FNDA:0,_RNvXs1_NtCs8Hczb6gz64m_15rs_liquid_xoxno6configNtB5_11AbiProviderNtNtNtCsbsz6KDzH3Ls_13multiversx_sc13contract_base21contract_abi_provider19ContractAbiProvider3abi
FNDA:0,_RNvXININtCs8Hczb6gz64m_15rs_liquid_xoxno6configs7_0pEINtB5_11ContractObjpENtNtNtCsbsz6KDzH3Ls_13multiversx_sc13contract_base17callable_contract16CallableContract4callB7_
FNDA:0,_RINvNtCs8Hczb6gz64m_15rs_liquid_xoxno6config12contract_objpEB4_
FNDA:0,_RINvXs8_NtCs8Hczb6gz64m_15rs_liquid_xoxno6configNtB6_15ContractBuilderNtNtNtCsbsz6KDzH3Ls_13multiversx_sc13contract_base17callable_contract23CallableContractBuilder16new_contract_objpEB8_
FNDA:0,_RINvNtNtCs8Hczb6gz64m_15rs_liquid_xoxno6config19___wasm__endpoints__17register_ls_tokenpEB6_
FNDA:0,_RINvNtNtCs8Hczb6gz64m_15rs_liquid_xoxno6config19___wasm__endpoints__22register_unstake_tokenpEB6_
FNDA:0,_RINvNtNtCs8Hczb6gz64m_15rs_liquid_xoxno6config19___wasm__endpoints__16set_state_activepEB6_
FNDA:0,_RINvNtNtCs8Hczb6gz64m_15rs_liquid_xoxno6config19___wasm__endpoints__18set_state_inactivepEB6_
FNDA:0,_RINvNtNtCs8Hczb6gz64m_15rs_liquid_xoxno6config19___wasm__endpoints__5statepEB6_
FNDA:0,_RINvNtNtCs8Hczb6gz64m_15rs_liquid_xoxno6config19___wasm__endpoints__8ls_tokenpEB6_
FNDA:0,_RINvNtNtCs8Hczb6gz64m_15rs_liquid_xoxno6config19___wasm__endpoints__10main_tokenpEB6_
FNDA:0,_RINvNtNtCs8Hczb6gz64m_15rs_liquid_xoxno6config19___wasm__endpoints__15ls_token_supplypEB6_
FNDA:0,_RINvNtNtCs8Hczb6gz64m_15rs_liquid_xoxno6config19___wasm__endpoints__21virtual_xoxno_reservepEB6_
FNDA:0,_RINvNtNtCs8Hczb6gz64m_15rs_liquid_xoxno6config19___wasm__endpoints__13unstake_tokenpEB6_
FNDA:0,_RINvNtNtCs8Hczb6gz64m_15rs_liquid_xoxno6config19___wasm__endpoints__20unstake_token_supplypEB6_
FNDA:0,_RINvYpNtNtCs8Hczb6gz64m_15rs_liquid_xoxno6config10ProxyTrait17register_ls_tokenpppEB8_
FNDA:0,_RINvYpNtNtCs8Hczb6gz64m_15rs_liquid_xoxno6config10ProxyTrait22register_unstake_tokenpppEB8_
FNDA:0,_RNvYpNtNtCs8Hczb6gz64m_15rs_liquid_xoxno6config10ProxyTrait16set_state_activeB7_
FNDA:0,_RNvYpNtNtCs8Hczb6gz64m_15rs_liquid_xoxno6config10ProxyTrait18set_state_inactiveB7_
FNDA:0,_RNvYpNtNtCs8Hczb6gz64m_15rs_liquid_xoxno6config10ProxyTrait5stateB7_
FNDA:0,_RNvYpNtNtCs8Hczb6gz64m_15rs_liquid_xoxno6config10ProxyTrait8ls_tokenB7_
FNDA:0,_RNvYpNtNtCs8Hczb6gz64m_15rs_liquid_xoxno6config10ProxyTrait10main_tokenB7_
FNDA:0,_RNvYpNtNtCs8Hczb6gz64m_15rs_liquid_xoxno6config10ProxyTrait15ls_token_supplyB7_
FNDA:0,_RNvYpNtNtCs8Hczb6gz64m_15rs_liquid_xoxno6config10ProxyTrait21virtual_xoxno_reserveB7_
FNDA:0,_RNvYpNtNtCs8Hczb6gz64m_15rs_liquid_xoxno6config10ProxyTrait13unstake_tokenB7_
FNDA:0,_RNvYpNtNtCs8Hczb6gz64m_15rs_liquid_xoxno6config10ProxyTrait20unstake_token_supplyB7_
FNF:11
FNH:6
DA:9,0
DA:10,6
DA:18,57
DA:30,0
DA:31,0
DA:32,0
DA:33,0
DA:34,0
DA:35,0
DA:36,0
DA:37,0
DA:38,0
DA:49,0
DA:50,0
DA:51,0
DA:52,0
DA:53,0
DA:54,0
DA:55,0
DA:56,0
DA:57,0
DA:58,0
DA:63,12
DA:64,12
DA:69,1
DA:70,1
DA:74,32
DA:75,32
BRF:0
BRH:0
LF:31
LH:9
end_of_record
SF:/Users/mihaieremia/GitHub/rs-liquid-xoxno/src/contexts/base.rs
FN:40,_RNvXs_NtNtCsiTp6lOF01jM_15rs_liquid_xoxno8contexts4baseINtB4_12StorageCacheINtB8_11ContractObjINtNtNtNtCs7USFsMRR6Ir_22multiversx_sc_scenario3api7impl_vh12vm_hooks_api10VMHooksApiNtNtB1z_9debug_api15DebugApiBackendEEENtNtNtCslGS7pEIChKc_4core3ops4drop4Drop4dropCsgypdUD68fhm_14blackbox_tests
FN:23,_RNvMNtNtCsiTp6lOF01jM_15rs_liquid_xoxno8contexts4baseINtB2_12StorageCacheINtB6_11ContractObjINtNtNtNtCs7USFsMRR6Ir_22multiversx_sc_scenario3api7impl_vh12vm_hooks_api10VMHooksApiNtNtB1x_9debug_api15DebugApiBackendEEE3newCsgypdUD68fhm_14blackbox_tests
FN:23,_RNvMNtNtCs8Hczb6gz64m_15rs_liquid_xoxno8contexts4baseINtB2_12StorageCachepE3newB6_
FN:40,_RNvXININtNtCs8Hczb6gz64m_15rs_liquid_xoxno8contexts4bases_0pEINtB5_12StorageCachepENtNtNtCslGS7pEIChKc_4core3ops4drop4Drop4dropB9_
FNDA:32,_RNvXs_NtNtCsiTp6lOF01jM_15rs_liquid_xoxno8contexts4baseINtB4_12StorageCacheINtB8_11ContractObjINtNtNtNtCs7USFsMRR6Ir_22multiversx_sc_scenario3api7impl_vh12vm_hooks_api10VMHooksApiNtNtB1z_9debug_api15DebugApiBackendEEENtNtNtCslGS7pEIChKc_4core3ops4drop4Drop4dropCsgypdUD68fhm_14blackbox_tests
FNDA:32,_RNvMNtNtCsiTp6lOF01jM_15rs_liquid_xoxno8contexts4baseINtB2_12StorageCacheINtB6_11ContractObjINtNtNtNtCs7USFsMRR6Ir_22multiversx_sc_scenario3api7impl_vh12vm_hooks_api10VMHooksApiNtNtB1x_9debug_api15DebugApiBackendEEE3newCsgypdUD68fhm_14blackbox_tests
FNDA:0,_RNvMNtNtCs8Hczb6gz64m_15rs_liquid_xoxno8contexts4baseINtB2_12StorageCachepE3newB6_
FNDA:0,_RNvXININtNtCs8Hczb6gz64m_15rs_liquid_xoxno8contexts4bases_0pEINtB5_12StorageCachepENtNtNtCslGS7pEIChKc_4core3ops4drop4Drop4dropB9_
FNF:2
FNH:2
DA:23,32
DA:24,32
DA:25,32
DA:26,32
DA:27,32
DA:28,32
DA:29,32
DA:30,32
DA:31,32
DA:32,32
DA:33,32
DA:40,32
DA:41,32
DA:42,32
DA:43,32
DA:44,32
DA:45,32
DA:46,32
DA:47,32
DA:48,32
DA:49,32
BRF:0
BRH:0
LF:21
LH:21
end_of_record
SF:/Users/mihaieremia/GitHub/rs-liquid-xoxno/src/events.rs
FN:48,_RNvXNtCsiTp6lOF01jM_15rs_liquid_xoxno6eventsINtB4_11ContractObjINtNtNtNtCs7USFsMRR6Ir_22multiversx_sc_scenario3api7impl_vh12vm_hooks_api10VMHooksApiNtNtB14_9debug_api15DebugApiBackendEENtB2_12EventsModule17add_rewards_eventCsgypdUD68fhm_14blackbox_tests
FN:48,_RNvXNtCsiTp6lOF01jM_15rs_liquid_xoxno6eventsINtB4_11ContractObjINtNtNtNtCs7USFsMRR6Ir_22multiversx_sc_scenario3api7impl_vh12vm_hooks_api10VMHooksApiNtNtB14_9debug_api15DebugApiBackendEENtB2_12EventsModule19add_liquidity_eventCsgypdUD68fhm_14blackbox_tests
FN:48,_RNvXNtCsiTp6lOF01jM_15rs_liquid_xoxno6eventsINtB4_11ContractObjINtNtNtNtCs7USFsMRR6Ir_22multiversx_sc_scenario3api7impl_vh12vm_hooks_api10VMHooksApiNtNtB14_9debug_api15DebugApiBackendEENtB2_12EventsModule22remove_liquidity_eventCsgypdUD68fhm_14blackbox_tests
FN:59,_RNvYINtCsiTp6lOF01jM_15rs_liquid_xoxno11ContractObjINtNtNtNtCs7USFsMRR6Ir_22multiversx_sc_scenario3api7impl_vh12vm_hooks_api10VMHooksApiNtNtBS_9debug_api15DebugApiBackendEENtNtB5_6events12EventsModule19emit_delegate_eventCsgypdUD68fhm_14blackbox_tests
FN:112,_RNvYINtCsiTp6lOF01jM_15rs_liquid_xoxno11ContractObjINtNtNtNtCs7USFsMRR6Ir_22multiversx_sc_scenario3api7impl_vh12vm_hooks_api10VMHooksApiNtNtBS_9debug_api15DebugApiBackendEENtNtB5_6events12EventsModule22emit_add_rewards_eventCsgypdUD68fhm_14blackbox_tests
FN:85,_RNvYINtCsiTp6lOF01jM_15rs_liquid_xoxno11ContractObjINtNtNtNtCs7USFsMRR6Ir_22multiversx_sc_scenario3api7impl_vh12vm_hooks_api10VMHooksApiNtNtBS_9debug_api15DebugApiBackendEENtNtB5_6events12EventsModule27emit_remove_liquidity_eventCsgypdUD68fhm_14blackbox_tests
FN:48,_RNvYINtCsiTp6lOF01jM_15rs_liquid_xoxno11ContractObjINtNtNtNtCs7USFsMRR6Ir_22multiversx_sc_scenario3api7impl_vh12vm_hooks_api10VMHooksApiNtNtBS_9debug_api15DebugApiBackendEENtNtB5_6events16EndpointWrappers17callback_selectorCsgypdUD68fhm_14blackbox_tests
FN:48,_RNvYINtCsiTp6lOF01jM_15rs_liquid_xoxno11ContractObjINtNtNtNtCs7USFsMRR6Ir_22multiversx_sc_scenario3api7impl_vh12vm_hooks_api10VMHooksApiNtNtBS_9debug_api15DebugApiBackendEENtNtB5_6events16EndpointWrappers4callCsgypdUD68fhm_14blackbox_tests
FN:48,_RNvYINtCsiTp6lOF01jM_15rs_liquid_xoxno11ContractObjINtNtNtNtCs7USFsMRR6Ir_22multiversx_sc_scenario3api7impl_vh12vm_hooks_api10VMHooksApiNtNtBS_9debug_api15DebugApiBackendEENtNtB5_6events16EndpointWrappers8callbackCsgypdUD68fhm_14blackbox_tests
FN:36,_RINvXse_NtCsiTp6lOF01jM_15rs_liquid_xoxno6eventsINtB6_15AddRewardsEventINtNtNtNtCs7USFsMRR6Ir_22multiversx_sc_scenario3api7impl_vh12vm_hooks_api10VMHooksApiNtNtB1c_9debug_api15DebugApiBackendEENtNtNtCsfE8xgC3FBzK_19multiversx_sc_codec6single6top_en9TopEncode24top_encode_or_handle_errQINtNtNtNtNtCsbsz6KDzH3Ls_13multiversx_sc5types7managed5basic14managed_buffer13ManagedBufferB17_EINtNtNtNtB4K_13contract_base8wrappers10serializer21ExitCodecErrorHandlerB17_EECsgypdUD68fhm_14blackbox_tests
FN:21,_RINvXsi_NtCsiTp6lOF01jM_15rs_liquid_xoxno6eventsINtB6_20RemoveLiquidityEventINtNtNtNtCs7USFsMRR6Ir_22multiversx_sc_scenario3api7impl_vh12vm_hooks_api10VMHooksApiNtNtB1h_9debug_api15DebugApiBackendEENtNtNtCsfE8xgC3FBzK_19multiversx_sc_codec6single6top_en9TopEncode24top_encode_or_handle_errQINtNtNtNtNtCsbsz6KDzH3Ls_13multiversx_sc5types7managed5basic14managed_buffer13ManagedBufferB1c_EINtNtNtNtB4P_13contract_base8wrappers10serializer21ExitCodecErrorHandlerB1c_EECsgypdUD68fhm_14blackbox_tests
FN:7,_RINvXsm_NtCsiTp6lOF01jM_15rs_liquid_xoxno6eventsINtB6_17AddLiquidityEventINtNtNtNtCs7USFsMRR6Ir_22multiversx_sc_scenario3api7impl_vh12vm_hooks_api10VMHooksApiNtNtB1e_9debug_api15DebugApiBackendEENtNtNtCsfE8xgC3FBzK_19multiversx_sc_codec6single6top_en9TopEncode24top_encode_or_handle_errQINtNtNtNtNtCsbsz6KDzH3Ls_13multiversx_sc5types7managed5basic14managed_buffer13ManagedBufferB19_EINtNtNtNtB4M_13contract_base8wrappers10serializer21ExitCodecErrorHandlerB19_EECsgypdUD68fhm_14blackbox_tests
FN:7,_RINvXININtCs8Hczb6gz64m_15rs_liquid_xoxno6eventssm_0pEINtB6_17AddLiquidityEventpENtNtNtCsfE8xgC3FBzK_19multiversx_sc_codec6single6top_en9TopEncode24top_encode_or_handle_errppEB8_
FN:6,_RNvXININtCs8Hczb6gz64m_15rs_liquid_xoxno6eventssl_0pEINtB5_17AddLiquidityEventpENtNtNtCsbsz6KDzH3Ls_13multiversx_sc3abi8type_abi7TypeAbi9type_nameB7_
FN:6,_RINvXININtCs8Hczb6gz64m_15rs_liquid_xoxno6eventssl_0pEINtB6_17AddLiquidityEventpENtNtNtCsbsz6KDzH3Ls_13multiversx_sc3abi8type_abi7TypeAbi25provide_type_descriptionspEB8_
FN:21,_RINvXININtCs8Hczb6gz64m_15rs_liquid_xoxno6eventssi_0pEINtB6_20RemoveLiquidityEventpENtNtNtCsfE8xgC3FBzK_19multiversx_sc_codec6single6top_en9TopEncode24top_encode_or_handle_errppEB8_
FN:20,_RNvXININtCs8Hczb6gz64m_15rs_liquid_xoxno6eventssh_0pEINtB5_20RemoveLiquidityEventpENtNtNtCsbsz6KDzH3Ls_13multiversx_sc3abi8type_abi7TypeAbi9type_nameB7_
FN:20,_RINvXININtCs8Hczb6gz64m_15rs_liquid_xoxno6eventssh_0pEINtB6_20RemoveLiquidityEventpENtNtNtCsbsz6KDzH3Ls_13multiversx_sc3abi8type_abi7TypeAbi25provide_type_descriptionspEB8_
FN:36,_RINvXININtCs8Hczb6gz64m_15rs_liquid_xoxno6eventsse_0pEINtB6_15AddRewardsEventpENtNtNtCsfE8xgC3FBzK_19multiversx_sc_codec6single6top_en9TopEncode24top_encode_or_handle_errppEB8_
FN:35,_RNvXININtCs8Hczb6gz64m_15rs_liquid_xoxno6eventssd_0pEINtB5_15AddRewardsEventpENtNtNtCsbsz6KDzH3Ls_13multiversx_sc3abi8type_abi7TypeAbi9type_nameB7_
FN:35,_RINvXININtCs8Hczb6gz64m_15rs_liquid_xoxno6eventssd_0pEINtB6_15AddRewardsEventpENtNtNtCsbsz6KDzH3Ls_13multiversx_sc3abi8type_abi7TypeAbi25provide_type_descriptionspEB8_
FN:59,_RNvYpNtNtCs8Hczb6gz64m_15rs_liquid_xoxno6events12EventsModule19emit_delegate_eventB7_
FN:85,_RNvYpNtNtCs8Hczb6gz64m_15rs_liquid_xoxno6events12EventsModule27emit_remove_liquidity_eventB7_
FN:112,_RNvYpNtNtCs8Hczb6gz64m_15rs_liquid_xoxno6events12EventsModule22emit_add_rewards_eventB7_
FN:48,_RNvXININtCs8Hczb6gz64m_15rs_liquid_xoxno6events0pEpNtB5_12EventsModule19add_liquidity_eventB7_
FN:48,_RNvXININtCs8Hczb6gz64m_15rs_liquid_xoxno6events0pEpNtB5_12EventsModule22remove_liquidity_eventB7_
FN:48,_RNvXININtCs8Hczb6gz64m_15rs_liquid_xoxno6events0pEpNtB5_12EventsModule17add_rewards_eventB7_
FN:48,_RNvYpNtNtCs8Hczb6gz64m_15rs_liquid_xoxno6events16EndpointWrappers4callB7_
FN:48,_RNvYpNtNtCs8Hczb6gz64m_15rs_liquid_xoxno6events16EndpointWrappers17callback_selectorB7_
FN:48,_RNvYpNtNtCs8Hczb6gz64m_15rs_liquid_xoxno6events16EndpointWrappers8callbackB7_
FN:48,_RNvXs1_NtCs8Hczb6gz64m_15rs_liquid_xoxno6eventsNtB5_11AbiProviderNtNtNtCsbsz6KDzH3Ls_13multiversx_sc13contract_base21contract_abi_provider19ContractAbiProvider3abi
FN:48,_RNvXININtCs8Hczb6gz64m_15rs_liquid_xoxno6eventss9_0pEINtB5_11ContractObjpENtNtNtCsbsz6KDzH3Ls_13multiversx_sc13contract_base17callable_contract16CallableContract4callB7_
FN:48,_RINvNtCs8Hczb6gz64m_15rs_liquid_xoxno6events12contract_objpEB4_
FN:48,_RINvXsa_NtCs8Hczb6gz64m_15rs_liquid_xoxno6eventsNtB6_15ContractBuilderNtNtNtCsbsz6KDzH3Ls_13multiversx_sc13contract_base17callable_contract23CallableContractBuilder16new_contract_objpEB8_
FNDA:6,_RNvXNtCsiTp6lOF01jM_15rs_liquid_xoxno6eventsINtB4_11ContractObjINtNtNtNtCs7USFsMRR6Ir_22multiversx_sc_scenario3api7impl_vh12vm_hooks_api10VMHooksApiNtNtB14_9debug_api15DebugApiBackendEENtB2_12EventsModule17add_rewards_eventCsgypdUD68fhm_14blackbox_tests
FNDA:16,_RNvXNtCsiTp6lOF01jM_15rs_liquid_xoxno6eventsINtB4_11ContractObjINtNtNtNtCs7USFsMRR6Ir_22multiversx_sc_scenario3api7impl_vh12vm_hooks_api10VMHooksApiNtNtB14_9debug_api15DebugApiBackendEENtB2_12EventsModule19add_liquidity_eventCsgypdUD68fhm_14blackbox_tests
FNDA:6,_RNvXNtCsiTp6lOF01jM_15rs_liquid_xoxno6eventsINtB4_11ContractObjINtNtNtNtCs7USFsMRR6Ir_22multiversx_sc_scenario3api7impl_vh12vm_hooks_api10VMHooksApiNtNtB14_9debug_api15DebugApiBackendEENtB2_12EventsModule22remove_liquidity_eventCsgypdUD68fhm_14blackbox_tests
FNDA:16,_RNvYINtCsiTp6lOF01jM_15rs_liquid_xoxno11ContractObjINtNtNtNtCs7USFsMRR6Ir_22multiversx_sc_scenario3api7impl_vh12vm_hooks_api10VMHooksApiNtNtBS_9debug_api15DebugApiBackendEENtNtB5_6events12EventsModule19emit_delegate_eventCsgypdUD68fhm_14blackbox_tests
FNDA:6,_RNvYINtCsiTp6lOF01jM_15rs_liquid_xoxno11ContractObjINtNtNtNtCs7USFsMRR6Ir_22multiversx_sc_scenario3api7impl_vh12vm_hooks_api10VMHooksApiNtNtBS_9debug_api15DebugApiBackendEENtNtB5_6events12EventsModule22emit_add_rewards_eventCsgypdUD68fhm_14blackbox_tests
FNDA:6,_RNvYINtCsiTp6lOF01jM_15rs_liquid_xoxno11ContractObjINtNtNtNtCs7USFsMRR6Ir_22multiversx_sc_scenario3api7impl_vh12vm_hooks_api10VMHooksApiNtNtBS_9debug_api15DebugApiBackendEENtNtB5_6events12EventsModule27emit_remove_liquidity_eventCsgypdUD68fhm_14blackbox_tests
FNDA:0,_RNvYINtCsiTp6lOF01jM_15rs_liquid_xoxno11ContractObjINtNtNtNtCs7USFsMRR6Ir_22multiversx_sc_scenario3api7impl_vh12vm_hooks_api10VMHooksApiNtNtBS_9debug_api15DebugApiBackendEENtNtB5_6events16EndpointWrappers17callback_selectorCsgypdUD68fhm_14blackbox_tests
FNDA:0,_RNvYINtCsiTp6lOF01jM_15rs_liquid_xoxno11ContractObjINtNtNtNtCs7USFsMRR6Ir_22multiversx_sc_scenario3api7impl_vh12vm_hooks_api10VMHooksApiNtNtBS_9debug_api15DebugApiBackendEENtNtB5_6events16EndpointWrappers4callCsgypdUD68fhm_14blackbox_tests
FNDA:0,_RNvYINtCsiTp6lOF01jM_15rs_liquid_xoxno11ContractObjINtNtNtNtCs7USFsMRR6Ir_22multiversx_sc_scenario3api7impl_vh12vm_hooks_api10VMHooksApiNtNtBS_9debug_api15DebugApiBackendEENtNtB5_6events16EndpointWrappers8callbackCsgypdUD68fhm_14blackbox_tests
FNDA:6,_RINvXse_NtCsiTp6lOF01jM_15rs_liquid_xoxno6eventsINtB6_15AddRewardsEventINtNtNtNtCs7USFsMRR6Ir_22multiversx_sc_scenario3api7impl_vh12vm_hooks_api10VMHooksApiNtNtB1c_9debug_api15DebugApiBackendEENtNtNtCsfE8xgC3FBzK_19multiversx_sc_codec6single6top_en9TopEncode24top_encode_or_handle_errQINtNtNtNtNtCsbsz6KDzH3Ls_13multiversx_sc5types7managed5basic14managed_buffer13ManagedBufferB17_EINtNtNtNtB4K_13contract_base8wrappers10serializer21ExitCodecErrorHandlerB17_EECsgypdUD68fhm_14blackbox_tests
FNDA:6,_RINvXsi_NtCsiTp6lOF01jM_15rs_liquid_xoxno6eventsINtB6_20RemoveLiquidityEventINtNtNtNtCs7USFsMRR6Ir_22multiversx_sc_scenario3api7impl_vh12vm_hooks_api10VMHooksApiNtNtB1h_9debug_api15DebugApiBackendEENtNtNtCsfE8xgC3FBzK_19multiversx_sc_codec6single6top_en9TopEncode24top_encode_or_handle_errQINtNtNtNtNtCsbsz6KDzH3Ls_13multiversx_sc5types7managed5basic14managed_buffer13ManagedBufferB1c_EINtNtNtNtB4P_13contract_base8wrappers10serializer21ExitCodecErrorHandlerB1c_EECsgypdUD68fhm_14blackbox_tests
FNDA:16,_RINvXsm_NtCsiTp6lOF01jM_15rs_liquid_xoxno6eventsINtB6_17AddLiquidityEventINtNtNtNtCs7USFsMRR6Ir_22multiversx_sc_scenario3api7impl_vh12vm_hooks_api10VMHooksApiNtNtB1e_9debug_api15DebugApiBackendEENtNtNtCsfE8xgC3FBzK_19multiversx_sc_codec6single6top_en9TopEncode24top_encode_or_handle_errQINtNtNtNtNtCsbsz6KDzH3Ls_13multiversx_sc5types7managed5basic14managed_buffer13ManagedBufferB19_EINtNtNtNtB4M_13contract_base8wrappers10serializer21ExitCodecErrorHandlerB19_EECsgypdUD68fhm_14blackbox_tests
FNDA:0,_RINvXININtCs8Hczb6gz64m_15rs_liquid_xoxno6eventssm_0pEINtB6_17AddLiquidityEventpENtNtNtCsfE8xgC3FBzK_19multiversx_sc_codec6single6top_en9TopEncode24top_encode_or_handle_errppEB8_
FNDA:0,_RNvXININtCs8Hczb6gz64m_15rs_liquid_xoxno6eventssl_0pEINtB5_17AddLiquidityEventpENtNtNtCsbsz6KDzH3Ls_13multiversx_sc3abi8type_abi7TypeAbi9type_nameB7_
FNDA:0,_RINvXININtCs8Hczb6gz64m_15rs_liquid_xoxno6eventssl_0pEINtB6_17AddLiquidityEventpENtNtNtCsbsz6KDzH3Ls_13multiversx_sc3abi8type_abi7TypeAbi25provide_type_descriptionspEB8_
FNDA:0,_RINvXININtCs8Hczb6gz64m_15rs_liquid_xoxno6eventssi_0pEINtB6_20RemoveLiquidityEventpENtNtNtCsfE8xgC3FBzK_19multiversx_sc_codec6single6top_en9TopEncode24top_encode_or_handle_errppEB8_
FNDA:0,_RNvXININtCs8Hczb6gz64m_15rs_liquid_xoxno6eventssh_0pEINtB5_20RemoveLiquidityEventpENtNtNtCsbsz6KDzH3Ls_13multiversx_sc3abi8type_abi7TypeAbi9type_nameB7_
FNDA:0,_RINvXININtCs8Hczb6gz64m_15rs_liquid_xoxno6eventssh_0pEINtB6_20RemoveLiquidityEventpENtNtNtCsbsz6KDzH3Ls_13multiversx_sc3abi8type_abi7TypeAbi25provide_type_descriptionspEB8_
FNDA:0,_RINvXININtCs8Hczb6gz64m_15rs_liquid_xoxno6eventsse_0pEINtB6_15AddRewardsEventpENtNtNtCsfE8xgC3FBzK_19multiversx_sc_codec6single6top_en9TopEncode24top_encode_or_handle_errppEB8_
FNDA:0,_RNvXININtCs8Hczb6gz64m_15rs_liquid_xoxno6eventssd_0pEINtB5_15AddRewardsEventpENtNtNtCsbsz6KDzH3Ls_13multiversx_sc3abi8type_abi7TypeAbi9type_nameB7_
FNDA:0,_RINvXININtCs8Hczb6gz64m_15rs_liquid_xoxno6eventssd_0pEINtB6_15AddRewardsEventpENtNtNtCsbsz6KDzH3Ls_13multiversx_sc3abi8type_abi7TypeAbi25provide_type_descriptionspEB8_
FNDA:0,_RNvYpNtNtCs8Hczb6gz64m_15rs_liquid_xoxno6events12EventsModule19emit_delegate_eventB7_
FNDA:0,_RNvYpNtNtCs8Hczb6gz64m_15rs_liquid_xoxno6events12EventsModule27emit_remove_liquidity_eventB7_
FNDA:0,_RNvYpNtNtCs8Hczb6gz64m_15rs_liquid_xoxno6events12EventsModule22emit_add_rewards_eventB7_
FNDA:0,_RNvXININtCs8Hczb6gz64m_15rs_liquid_xoxno6events0pEpNtB5_12EventsModule19add_liquidity_eventB7_
FNDA:0,_RNvXININtCs8Hczb6gz64m_15rs_liquid_xoxno6events0pEpNtB5_12EventsModule22remove_liquidity_eventB7_
FNDA:0,_RNvXININtCs8Hczb6gz64m_15rs_liquid_xoxno6events0pEpNtB5_12EventsModule17add_rewards_eventB7_
FNDA:0,_RNvYpNtNtCs8Hczb6gz64m_15rs_liquid_xoxno6events16EndpointWrappers4callB7_
FNDA:0,_RNvYpNtNtCs8Hczb6gz64m_15rs_liquid_xoxno6events16EndpointWrappers17callback_selectorB7_
FNDA:0,_RNvYpNtNtCs8Hczb6gz64m_15rs_liquid_xoxno6events16EndpointWrappers8callbackB7_
FNDA:0,_RNvXs1_NtCs8Hczb6gz64m_15rs_liquid_xoxno6eventsNtB5_11AbiProviderNtNtNtCsbsz6KDzH3Ls_13multiversx_sc13contract_base21contract_abi_provider19ContractAbiProvider3abi
FNDA:0,_RNvXININtCs8Hczb6gz64m_15rs_liquid_xoxno6eventss9_0pEINtB5_11ContractObjpENtNtNtCsbsz6KDzH3Ls_13multiversx_sc13contract_base17callable_contract16CallableContract4callB7_
FNDA:0,_RINvNtCs8Hczb6gz64m_15rs_liquid_xoxno6events12contract_objpEB4_
FNDA:0,_RINvXsa_NtCs8Hczb6gz64m_15rs_liquid_xoxno6eventsNtB6_15ContractBuilderNtNtNtCsbsz6KDzH3Ls_13multiversx_sc13contract_base17callable_contract23CallableContractBuilder16new_contract_objpEB8_
FNF:10
FNH:7
DA:6,0
DA:7,16
DA:20,0
DA:21,6
DA:35,0
DA:36,6
DA:48,0
DA:59,16
DA:60,16
DA:61,16
DA:62,16
DA:63,16
DA:64,16
DA:65,16
DA:66,16
DA:67,16
DA:68,16
DA:69,16
DA:70,16
DA:71,16
DA:72,16
DA:73,16
DA:74,16
DA:75,16
DA:76,16
DA:85,6
DA:86,6
DA:87,6
DA:88,6
DA:89,6
DA:90,6
DA:91,6
DA:92,6
DA:93,6
DA:94,6
DA:95,6
DA:96,6
DA:97,6
DA:98,6
DA:99,6
DA:100,6
DA:101,6
DA:102,6
DA:103,6
DA:104,6
DA:112,6
DA:113,6
DA:114,6
DA:115,6
DA:116,6
DA:117,6
DA:118,6
DA:119,6
DA:120,6
DA:121,6
DA:122,6
DA:123,6
DA:124,6
DA:125,6
DA:126,6
DA:127,6
DA:128,6
BRF:0
BRH:0
LF:62
LH:59
end_of_record
SF:/Users/mihaieremia/GitHub/rs-liquid-xoxno/src/lib.rs
FN:18,_RINvXsg_CsiTp6lOF01jM_15rs_liquid_xoxnoNtB6_15ContractBuilderNtNtNtCsbsz6KDzH3Ls_13multiversx_sc13contract_base17callable_contract23CallableContractBuilder16new_contract_objINtNtNtNtCs7USFsMRR6Ir_22multiversx_sc_scenario3api7impl_vh12vm_hooks_api10VMHooksApiNtNtB2Q_9debug_api15DebugApiBackendEECsgypdUD68fhm_14blackbox_tests
FN:18,_RNvXsf_CsiTp6lOF01jM_15rs_liquid_xoxnoINtB5_11ContractObjINtNtNtNtCs7USFsMRR6Ir_22multiversx_sc_scenario3api7impl_vh12vm_hooks_api10VMHooksApiNtNtBY_9debug_api15DebugApiBackendEENtNtNtCsbsz6KDzH3Ls_13multiversx_sc13contract_base17callable_contract16CallableContract4callCsgypdUD68fhm_14blackbox_tests
FN:156,_RNvYINtCsiTp6lOF01jM_15rs_liquid_xoxno11ContractObjINtNtNtNtCs7USFsMRR6Ir_22multiversx_sc_scenario3api7impl_vh12vm_hooks_api10VMHooksApiNtNtBS_9debug_api15DebugApiBackendEENtB5_13RsLiquidXoxno11add_rewardsCsgypdUD68fhm_14blackbox_tests
FN:64,_RNvYINtCsiTp6lOF01jM_15rs_liquid_xoxno11ContractObjINtNtNtNtCs7USFsMRR6Ir_22multiversx_sc_scenario3api7impl_vh12vm_hooks_api10VMHooksApiNtNtBS_9debug_api15DebugApiBackendEENtB5_13RsLiquidXoxno11un_delegateCsgypdUD68fhm_14blackbox_tests
FN:188,_RNvYINtCsiTp6lOF01jM_15rs_liquid_xoxno11ContractObjINtNtNtNtCs7USFsMRR6Ir_22multiversx_sc_scenario3api7impl_vh12vm_hooks_api10VMHooksApiNtNtBS_9debug_api15DebugApiBackendEENtB5_13RsLiquidXoxno17get_exchange_rateCsgypdUD68fhm_14blackbox_tests
FN:176,_RNvYINtCsiTp6lOF01jM_15rs_liquid_xoxno11ContractObjINtNtNtNtCs7USFsMRR6Ir_22multiversx_sc_scenario3api7impl_vh12vm_hooks_api10VMHooksApiNtNtBS_9debug_api15DebugApiBackendEENtB5_13RsLiquidXoxno25get_ls_value_for_positionCsgypdUD68fhm_14blackbox_tests
FN:182,_RNvYINtCsiTp6lOF01jM_15rs_liquid_xoxno11ContractObjINtNtNtNtCs7USFsMRR6Ir_22multiversx_sc_scenario3api7impl_vh12vm_hooks_api10VMHooksApiNtNtBS_9debug_api15DebugApiBackendEENtB5_13RsLiquidXoxno26get_ls_amount_for_positionCsgypdUD68fhm_14blackbox_tests
FN:28,_RNvYINtCsiTp6lOF01jM_15rs_liquid_xoxno11ContractObjINtNtNtNtCs7USFsMRR6Ir_22multiversx_sc_scenario3api7impl_vh12vm_hooks_api10VMHooksApiNtNtBS_9debug_api15DebugApiBackendEENtB5_13RsLiquidXoxno4initCsgypdUD68fhm_14blackbox_tests
FN:37,_RNvYINtCsiTp6lOF01jM_15rs_liquid_xoxno11ContractObjINtNtNtNtCs7USFsMRR6Ir_22multiversx_sc_scenario3api7impl_vh12vm_hooks_api10VMHooksApiNtNtBS_9debug_api15DebugApiBackendEENtB5_13RsLiquidXoxno8delegateCsgypdUD68fhm_14blackbox_tests
FN:110,_RNvYINtCsiTp6lOF01jM_15rs_liquid_xoxno11ContractObjINtNtNtNtCs7USFsMRR6Ir_22multiversx_sc_scenario3api7impl_vh12vm_hooks_api10VMHooksApiNtNtBS_9debug_api15DebugApiBackendEENtB5_13RsLiquidXoxno8withdrawCsgypdUD68fhm_14blackbox_tests
FN:18,_RNvYINtCsiTp6lOF01jM_15rs_liquid_xoxno11ContractObjINtNtNtNtCs7USFsMRR6Ir_22multiversx_sc_scenario3api7impl_vh12vm_hooks_api10VMHooksApiNtNtBS_9debug_api15DebugApiBackendEENtB5_16EndpointWrappers12call_upgradeCsgypdUD68fhm_14blackbox_tests
FN:18,_RNvYINtCsiTp6lOF01jM_15rs_liquid_xoxno11ContractObjINtNtNtNtCs7USFsMRR6Ir_22multiversx_sc_scenario3api7impl_vh12vm_hooks_api10VMHooksApiNtNtBS_9debug_api15DebugApiBackendEENtB5_16EndpointWrappers13call_delegateCsgypdUD68fhm_14blackbox_tests
FN:18,_RNvYINtCsiTp6lOF01jM_15rs_liquid_xoxno11ContractObjINtNtNtNtCs7USFsMRR6Ir_22multiversx_sc_scenario3api7impl_vh12vm_hooks_api10VMHooksApiNtNtBS_9debug_api15DebugApiBackendEENtB5_16EndpointWrappers13call_withdrawCsgypdUD68fhm_14blackbox_tests
FN:18,_RNvYINtCsiTp6lOF01jM_15rs_liquid_xoxno11ContractObjINtNtNtNtCs7USFsMRR6Ir_22multiversx_sc_scenario3api7impl_vh12vm_hooks_api10VMHooksApiNtNtBS_9debug_api15DebugApiBackendEENtB5_16EndpointWrappers16call_add_rewardsCsgypdUD68fhm_14blackbox_tests
FN:18,_RNvYINtCsiTp6lOF01jM_15rs_liquid_xoxno11ContractObjINtNtNtNtCs7USFsMRR6Ir_22multiversx_sc_scenario3api7impl_vh12vm_hooks_api10VMHooksApiNtNtBS_9debug_api15DebugApiBackendEENtB5_16EndpointWrappers16call_un_delegateCsgypdUD68fhm_14blackbox_tests
FN:18,_RNvYINtCsiTp6lOF01jM_15rs_liquid_xoxno11ContractObjINtNtNtNtCs7USFsMRR6Ir_22multiversx_sc_scenario3api7impl_vh12vm_hooks_api10VMHooksApiNtNtBS_9debug_api15DebugApiBackendEENtB5_16EndpointWrappers17callback_selectorCsgypdUD68fhm_14blackbox_tests
FN:18,_RNvYINtCsiTp6lOF01jM_15rs_liquid_xoxno11ContractObjINtNtNtNtCs7USFsMRR6Ir_22multiversx_sc_scenario3api7impl_vh12vm_hooks_api10VMHooksApiNtNtBS_9debug_api15DebugApiBackendEENtB5_16EndpointWrappers22call_get_exchange_rateCsgypdUD68fhm_14blackbox_tests
FN:18,_RNvYINtCsiTp6lOF01jM_15rs_liquid_xoxno11ContractObjINtNtNtNtCs7USFsMRR6Ir_22multiversx_sc_scenario3api7impl_vh12vm_hooks_api10VMHooksApiNtNtBS_9debug_api15DebugApiBackendEENtB5_16EndpointWrappers30call_get_ls_value_for_positionCsgypdUD68fhm_14blackbox_tests
FN:18,_RNvYINtCsiTp6lOF01jM_15rs_liquid_xoxno11ContractObjINtNtNtNtCs7USFsMRR6Ir_22multiversx_sc_scenario3api7impl_vh12vm_hooks_api10VMHooksApiNtNtBS_9debug_api15DebugApiBackendEENtB5_16EndpointWrappers31call_get_ls_amount_for_positionCsgypdUD68fhm_14blackbox_tests
FN:18,_RNvYINtCsiTp6lOF01jM_15rs_liquid_xoxno11ContractObjINtNtNtNtCs7USFsMRR6Ir_22multiversx_sc_scenario3api7impl_vh12vm_hooks_api10VMHooksApiNtNtBS_9debug_api15DebugApiBackendEENtB5_16EndpointWrappers4callCsgypdUD68fhm_14blackbox_tests
FN:18,_RNvYINtCsiTp6lOF01jM_15rs_liquid_xoxno11ContractObjINtNtNtNtCs7USFsMRR6Ir_22multiversx_sc_scenario3api7impl_vh12vm_hooks_api10VMHooksApiNtNtBS_9debug_api15DebugApiBackendEENtB5_16EndpointWrappers8callbackCsgypdUD68fhm_14blackbox_tests
FN:18,_RNvYINtCsiTp6lOF01jM_15rs_liquid_xoxno11ContractObjINtNtNtNtCs7USFsMRR6Ir_22multiversx_sc_scenario3api7impl_vh12vm_hooks_api10VMHooksApiNtNtBS_9debug_api15DebugApiBackendEENtB5_16EndpointWrappers9call_initCsgypdUD68fhm_14blackbox_tests
FN:28,_RNvYpNtCs8Hczb6gz64m_15rs_liquid_xoxno13RsLiquidXoxno4initB5_
FN:37,_RNvYpNtCs8Hczb6gz64m_15rs_liquid_xoxno13RsLiquidXoxno8delegateB5_
FN:64,_RNvYpNtCs8Hczb6gz64m_15rs_liquid_xoxno13RsLiquidXoxno11un_delegateB5_
FN:110,_RNvYpNtCs8Hczb6gz64m_15rs_liquid_xoxno13RsLiquidXoxno8withdrawB5_
FN:156,_RNvYpNtCs8Hczb6gz64m_15rs_liquid_xoxno13RsLiquidXoxno11add_rewardsB5_
FN:176,_RNvYpNtCs8Hczb6gz64m_15rs_liquid_xoxno13RsLiquidXoxno25get_ls_value_for_positionB5_
FN:182,_RNvYpNtCs8Hczb6gz64m_15rs_liquid_xoxno13RsLiquidXoxno26get_ls_amount_for_positionB5_
FN:188,_RNvYpNtCs8Hczb6gz64m_15rs_liquid_xoxno13RsLiquidXoxno17get_exchange_rateB5_
FN:18,_RNvYpNtCs8Hczb6gz64m_15rs_liquid_xoxno16EndpointWrappers9call_initB5_
FN:18,_RNvYpNtCs8Hczb6gz64m_15rs_liquid_xoxno16EndpointWrappers12call_upgradeB5_
FN:18,_RNvYpNtCs8Hczb6gz64m_15rs_liquid_xoxno16EndpointWrappers13call_delegateB5_
FN:18,_RNvYpNtCs8Hczb6gz64m_15rs_liquid_xoxno16EndpointWrappers16call_un_delegateB5_
FN:18,_RNvYpNtCs8Hczb6gz64m_15rs_liquid_xoxno16EndpointWrappers13call_withdrawB5_
FN:18,_RNvYpNtCs8Hczb6gz64m_15rs_liquid_xoxno16EndpointWrappers16call_add_rewardsB5_
FN:18,_RNvYpNtCs8Hczb6gz64m_15rs_liquid_xoxno16EndpointWrappers30call_get_ls_value_for_positionB5_
FN:18,_RNvYpNtCs8Hczb6gz64m_15rs_liquid_xoxno16EndpointWrappers31call_get_ls_amount_for_positionB5_
FN:18,_RNvYpNtCs8Hczb6gz64m_15rs_liquid_xoxno16EndpointWrappers22call_get_exchange_rateB5_
FN:18,_RNvYpNtCs8Hczb6gz64m_15rs_liquid_xoxno16EndpointWrappers4callB5_
FN:18,_RNvYpNtCs8Hczb6gz64m_15rs_liquid_xoxno16EndpointWrappers17callback_selectorB5_
FN:18,_RNvYpNtCs8Hczb6gz64m_15rs_liquid_xoxno16EndpointWrappers8callbackB5_
FN:18,_RNvXs1_Cs8Hczb6gz64m_15rs_liquid_xoxnoNtB5_11AbiProviderNtNtNtCsbsz6KDzH3Ls_13multiversx_sc13contract_base21contract_abi_provider19ContractAbiProvider3abi
FN:18,_RNvXINICs8Hczb6gz64m_15rs_liquid_xoxnosf_0pEINtB5_11ContractObjpENtNtNtCsbsz6KDzH3Ls_13multiversx_sc13contract_base17callable_contract16CallableContract4callB5_
FN:18,_RINvCs8Hczb6gz64m_15rs_liquid_xoxno12contract_objpEB2_
FN:18,_RINvXsg_Cs8Hczb6gz64m_15rs_liquid_xoxnoNtB6_15ContractBuilderNtNtNtCsbsz6KDzH3Ls_13multiversx_sc13contract_base17callable_contract23CallableContractBuilder16new_contract_objpEB6_
FN:18,_RINvNtCs8Hczb6gz64m_15rs_liquid_xoxno19___wasm__endpoints__4initpEB4_
FN:18,_RINvNtCs8Hczb6gz64m_15rs_liquid_xoxno19___wasm__endpoints__7upgradepEB4_
FN:18,_RINvNtCs8Hczb6gz64m_15rs_liquid_xoxno19___wasm__endpoints__8delegatepEB4_
FN:18,_RINvNtCs8Hczb6gz64m_15rs_liquid_xoxno19___wasm__endpoints__11un_delegatepEB4_
FN:18,_RINvNtCs8Hczb6gz64m_15rs_liquid_xoxno19___wasm__endpoints__8withdrawpEB4_
FN:18,_RINvNtCs8Hczb6gz64m_15rs_liquid_xoxno19___wasm__endpoints__11add_rewardspEB4_
FN:18,_RINvNtCs8Hczb6gz64m_15rs_liquid_xoxno19___wasm__endpoints__25get_ls_value_for_positionpEB4_
FN:18,_RINvNtCs8Hczb6gz64m_15rs_liquid_xoxno19___wasm__endpoints__26get_ls_amount_for_positionpEB4_
FN:18,_RINvNtCs8Hczb6gz64m_15rs_liquid_xoxno19___wasm__endpoints__17get_exchange_ratepEB4_
FN:18,_RINvNtCs8Hczb6gz64m_15rs_liquid_xoxno19___wasm__endpoints__8callBackpEB4_
FN:18,_RINvYpNtCs8Hczb6gz64m_15rs_liquid_xoxno10ProxyTrait4initpEB6_
FN:18,_RNvYpNtCs8Hczb6gz64m_15rs_liquid_xoxno10ProxyTrait7upgradeB5_
FN:18,_RINvYpNtCs8Hczb6gz64m_15rs_liquid_xoxno10ProxyTrait8delegatepEB6_
FN:18,_RNvYpNtCs8Hczb6gz64m_15rs_liquid_xoxno10ProxyTrait11un_delegateB5_
FN:18,_RNvYpNtCs8Hczb6gz64m_15rs_liquid_xoxno10ProxyTrait8withdrawB5_
FN:18,_RNvYpNtCs8Hczb6gz64m_15rs_liquid_xoxno10ProxyTrait11add_rewardsB5_
FN:18,_RINvYpNtCs8Hczb6gz64m_15rs_liquid_xoxno10ProxyTrait25get_ls_value_for_positionpEB6_
FN:18,_RINvYpNtCs8Hczb6gz64m_15rs_liquid_xoxno10ProxyTrait26get_ls_amount_for_positionpEB6_
FN:18,_RNvYpNtCs8Hczb6gz64m_15rs_liquid_xoxno10ProxyTrait17get_exchange_rateB5_
FN:18,_RNvXINICs8Hczb6gz64m_15rs_liquid_xoxnosh_0pEINtB5_5ProxypENtNtNtCsbsz6KDzH3Ls_13multiversx_sc13contract_base14proxy_obj_base12ProxyObjBase19extract_opt_addressB5_
FN:18,_RNvXINICs8Hczb6gz64m_15rs_liquid_xoxnosh_0pEINtB5_5ProxypENtNtNtCsbsz6KDzH3Ls_13multiversx_sc13contract_base14proxy_obj_base12ProxyObjBase16extract_proxy_toB5_
FN:18,_RNvXINICs8Hczb6gz64m_15rs_liquid_xoxnosi_0pEINtB5_5ProxypENtNtNtCsbsz6KDzH3Ls_13multiversx_sc13contract_base14proxy_obj_base11ProxyObjNew13new_proxy_objB5_
FN:18,_RNvXINICs8Hczb6gz64m_15rs_liquid_xoxnosi_0pEINtB5_5ProxypENtNtNtCsbsz6KDzH3Ls_13multiversx_sc13contract_base14proxy_obj_base11ProxyObjNew8contractB5_
FN:18,_RNvXINICs8Hczb6gz64m_15rs_liquid_xoxnosj_0pEINtB5_7ProxyTopENtNtNtCsbsz6KDzH3Ls_13multiversx_sc13contract_base14proxy_obj_base12ProxyObjBase19extract_opt_addressB5_
FN:18,_RNvXINICs8Hczb6gz64m_15rs_liquid_xoxnosj_0pEINtB5_7ProxyTopENtNtNtCsbsz6KDzH3Ls_13multiversx_sc13contract_base14proxy_obj_base12ProxyObjBase15extract_addressB5_
FN:18,_RNvXINICs8Hczb6gz64m_15rs_liquid_xoxnosj_0pEINtB5_7ProxyTopENtNtNtCsbsz6KDzH3Ls_13multiversx_sc13contract_base14proxy_obj_base12ProxyObjBase16extract_proxy_toB5_
FNDA:14,_RINvXsg_CsiTp6lOF01jM_15rs_liquid_xoxnoNtB6_15ContractBuilderNtNtNtCsbsz6KDzH3Ls_13multiversx_sc13contract_base17callable_contract23CallableContractBuilder16new_contract_objINtNtNtNtCs7USFsMRR6Ir_22multiversx_sc_scenario3api7impl_vh12vm_hooks_api10VMHooksApiNtNtB2Q_9debug_api15DebugApiBackendEECsgypdUD68fhm_14blackbox_tests
FNDA:89,_RNvXsf_CsiTp6lOF01jM_15rs_liquid_xoxnoINtB5_11ContractObjINtNtNtNtCs7USFsMRR6Ir_22multiversx_sc_scenario3api7impl_vh12vm_hooks_api10VMHooksApiNtNtBY_9debug_api15DebugApiBackendEENtNtNtCsbsz6KDzH3Ls_13multiversx_sc13contract_base17callable_contract16CallableContract4callCsgypdUD68fhm_14blackbox_tests
FNDA:6,_RNvYINtCsiTp6lOF01jM_15rs_liquid_xoxno11ContractObjINtNtNtNtCs7USFsMRR6Ir_22multiversx_sc_scenario3api7impl_vh12vm_hooks_api10VMHooksApiNtNtBS_9debug_api15DebugApiBackendEENtB5_13RsLiquidXoxno11add_rewardsCsgypdUD68fhm_14blackbox_tests
FNDA:7,_RNvYINtCsiTp6lOF01jM_15rs_liquid_xoxno11ContractObjINtNtNtNtCs7USFsMRR6Ir_22multiversx_sc_scenario3api7impl_vh12vm_hooks_api10VMHooksApiNtNtBS_9debug_api15DebugApiBackendEENtB5_13RsLiquidXoxno11un_delegateCsgypdUD68fhm_14blackbox_tests
FNDA:0,_RNvYINtCsiTp6lOF01jM_15rs_liquid_xoxno11ContractObjINtNtNtNtCs7USFsMRR6Ir_22multiversx_sc_scenario3api7impl_vh12vm_hooks_api10VMHooksApiNtNtBS_9debug_api15DebugApiBackendEENtB5_13RsLiquidXoxno17get_exchange_rateCsgypdUD68fhm_14blackbox_tests
FNDA:0,_RNvYINtCsiTp6lOF01jM_15rs_liquid_xoxno11ContractObjINtNtNtNtCs7USFsMRR6Ir_22multiversx_sc_scenario3api7impl_vh12vm_hooks_api10VMHooksApiNtNtBS_9debug_api15DebugApiBackendEENtB5_13RsLiquidXoxno25get_ls_value_for_positionCsgypdUD68fhm_14blackbox_tests
FNDA:0,_RNvYINtCsiTp6lOF01jM_15rs_liquid_xoxno11ContractObjINtNtNtNtCs7USFsMRR6Ir_22multiversx_sc_scenario3api7impl_vh12vm_hooks_api10VMHooksApiNtNtBS_9debug_api15DebugApiBackendEENtB5_13RsLiquidXoxno26get_ls_amount_for_positionCsgypdUD68fhm_14blackbox_tests
FNDA:0,_RNvYINtCsiTp6lOF01jM_15rs_liquid_xoxno11ContractObjINtNtNtNtCs7USFsMRR6Ir_22multiversx_sc_scenario3api7impl_vh12vm_hooks_api10VMHooksApiNtNtBS_9debug_api15DebugApiBackendEENtB5_13RsLiquidXoxno4initCsgypdUD68fhm_14blackbox_tests
FNDA:17,_RNvYINtCsiTp6lOF01jM_15rs_liquid_xoxno11ContractObjINtNtNtNtCs7USFsMRR6Ir_22multiversx_sc_scenario3api7impl_vh12vm_hooks_api10VMHooksApiNtNtBS_9debug_api15DebugApiBackendEENtB5_13RsLiquidXoxno8delegateCsgypdUD68fhm_14blackbox_tests
FNDA:2,_RNvYINtCsiTp6lOF01jM_15rs_liquid_xoxno11ContractObjINtNtNtNtCs7USFsMRR6Ir_22multiversx_sc_scenario3api7impl_vh12vm_hooks_api10VMHooksApiNtNtBS_9debug_api15DebugApiBackendEENtB5_13RsLiquidXoxno8withdrawCsgypdUD68fhm_14blackbox_tests
FNDA:0,_RNvYINtCsiTp6lOF01jM_15rs_liquid_xoxno11ContractObjINtNtNtNtCs7USFsMRR6Ir_22multiversx_sc_scenario3api7impl_vh12vm_hooks_api10VMHooksApiNtNtBS_9debug_api15DebugApiBackendEENtB5_16EndpointWrappers12call_upgradeCsgypdUD68fhm_14blackbox_tests
FNDA:17,_RNvYINtCsiTp6lOF01jM_15rs_liquid_xoxno11ContractObjINtNtNtNtCs7USFsMRR6Ir_22multiversx_sc_scenario3api7impl_vh12vm_hooks_api10VMHooksApiNtNtBS_9debug_api15DebugApiBackendEENtB5_16EndpointWrappers13call_delegateCsgypdUD68fhm_14blackbox_tests
FNDA:2,_RNvYINtCsiTp6lOF01jM_15rs_liquid_xoxno11ContractObjINtNtNtNtCs7USFsMRR6Ir_22multiversx_sc_scenario3api7impl_vh12vm_hooks_api10VMHooksApiNtNtBS_9debug_api15DebugApiBackendEENtB5_16EndpointWrappers13call_withdrawCsgypdUD68fhm_14blackbox_tests
FNDA:6,_RNvYINtCsiTp6lOF01jM_15rs_liquid_xoxno11ContractObjINtNtNtNtCs7USFsMRR6Ir_22multiversx_sc_scenario3api7impl_vh12vm_hooks_api10VMHooksApiNtNtBS_9debug_api15DebugApiBackendEENtB5_16EndpointWrappers16call_add_rewardsCsgypdUD68fhm_14blackbox_tests
FNDA:7,_RNvYINtCsiTp6lOF01jM_15rs_liquid_xoxno11ContractObjINtNtNtNtCs7USFsMRR6Ir_22multiversx_sc_scenario3api7impl_vh12vm_hooks_api10VMHooksApiNtNtBS_9debug_api15DebugApiBackendEENtB5_16EndpointWrappers16call_un_delegateCsgypdUD68fhm_14blackbox_tests
FNDA:0,_RNvYINtCsiTp6lOF01jM_15rs_liquid_xoxno11ContractObjINtNtNtNtCs7USFsMRR6Ir_22multiversx_sc_scenario3api7impl_vh12vm_hooks_api10VMHooksApiNtNtBS_9debug_api15DebugApiBackendEENtB5_16EndpointWrappers17callback_selectorCsgypdUD68fhm_14blackbox_tests
FNDA:0,_RNvYINtCsiTp6lOF01jM_15rs_liquid_xoxno11ContractObjINtNtNtNtCs7USFsMRR6Ir_22multiversx_sc_scenario3api7impl_vh12vm_hooks_api10VMHooksApiNtNtBS_9debug_api15DebugApiBackendEENtB5_16EndpointWrappers22call_get_exchange_rateCsgypdUD68fhm_14blackbox_tests
FNDA:0,_RNvYINtCsiTp6lOF01jM_15rs_liquid_xoxno11ContractObjINtNtNtNtCs7USFsMRR6Ir_22multiversx_sc_scenario3api7impl_vh12vm_hooks_api10VMHooksApiNtNtBS_9debug_api15DebugApiBackendEENtB5_16EndpointWrappers30call_get_ls_value_for_positionCsgypdUD68fhm_14blackbox_tests
FNDA:0,_RNvYINtCsiTp6lOF01jM_15rs_liquid_xoxno11ContractObjINtNtNtNtCs7USFsMRR6Ir_22multiversx_sc_scenario3api7impl_vh12vm_hooks_api10VMHooksApiNtNtBS_9debug_api15DebugApiBackendEENtB5_16EndpointWrappers31call_get_ls_amount_for_positionCsgypdUD68fhm_14blackbox_tests
FNDA:89,_RNvYINtCsiTp6lOF01jM_15rs_liquid_xoxno11ContractObjINtNtNtNtCs7USFsMRR6Ir_22multiversx_sc_scenario3api7impl_vh12vm_hooks_api10VMHooksApiNtNtBS_9debug_api15DebugApiBackendEENtB5_16EndpointWrappers4callCsgypdUD68fhm_14blackbox_tests
FNDA:0,_RNvYINtCsiTp6lOF01jM_15rs_liquid_xoxno11ContractObjINtNtNtNtCs7USFsMRR6Ir_22multiversx_sc_scenario3api7impl_vh12vm_hooks_api10VMHooksApiNtNtBS_9debug_api15DebugApiBackendEENtB5_16EndpointWrappers8callbackCsgypdUD68fhm_14blackbox_tests
FNDA:0,_RNvYINtCsiTp6lOF01jM_15rs_liquid_xoxno11ContractObjINtNtNtNtCs7USFsMRR6Ir_22multiversx_sc_scenario3api7impl_vh12vm_hooks_api10VMHooksApiNtNtBS_9debug_api15DebugApiBackendEENtB5_16EndpointWrappers9call_initCsgypdUD68fhm_14blackbox_tests
FNDA:0,_RNvYpNtCs8Hczb6gz64m_15rs_liquid_xoxno13RsLiquidXoxno4initB5_
FNDA:0,_RNvYpNtCs8Hczb6gz64m_15rs_liquid_xoxno13RsLiquidXoxno8delegateB5_
FNDA:0,_RNvYpNtCs8Hczb6gz64m_15rs_liquid_xoxno13RsLiquidXoxno11un_delegateB5_
FNDA:0,_RNvYpNtCs8Hczb6gz64m_15rs_liquid_xoxno13RsLiquidXoxno8withdrawB5_
FNDA:0,_RNvYpNtCs8Hczb6gz64m_15rs_liquid_xoxno13RsLiquidXoxno11add_rewardsB5_
FNDA:0,_RNvYpNtCs8Hczb6gz64m_15rs_liquid_xoxno13RsLiquidXoxno25get_ls_value_for_positionB5_
FNDA:0,_RNvYpNtCs8Hczb6gz64m_15rs_liquid_xoxno13RsLiquidXoxno26get_ls_amount_for_positionB5_
FNDA:0,_RNvYpNtCs8Hczb6gz64m_15rs_liquid_xoxno13RsLiquidXoxno17get_exchange_rateB5_
FNDA:0,_RNvYpNtCs8Hczb6gz64m_15rs_liquid_xoxno16EndpointWrappers9call_initB5_
FNDA:0,_RNvYpNtCs8Hczb6gz64m_15rs_liquid_xoxno16EndpointWrappers12call_upgradeB5_
FNDA:0,_RNvYpNtCs8Hczb6gz64m_15rs_liquid_xoxno16EndpointWrappers13call_delegateB5_
FNDA:0,_RNvYpNtCs8Hczb6gz64m_15rs_liquid_xoxno16EndpointWrappers16call_un_delegateB5_
FNDA:0,_RNvYpNtCs8Hczb6gz64m_15rs_liquid_xoxno16EndpointWrappers13call_withdrawB5_
FNDA:0,_RNvYpNtCs8Hczb6gz64m_15rs_liquid_xoxno16EndpointWrappers16call_add_rewardsB5_
FNDA:0,_RNvYpNtCs8Hczb6gz64m_15rs_liquid_xoxno16EndpointWrappers30call_get_ls_value_for_positionB5_
FNDA:0,_RNvYpNtCs8Hczb6gz64m_15rs_liquid_xoxno16EndpointWrappers31call_get_ls_amount_for_positionB5_
FNDA:0,_RNvYpNtCs8Hczb6gz64m_15rs_liquid_xoxno16EndpointWrappers22call_get_exchange_rateB5_
FNDA:0,_RNvYpNtCs8Hczb6gz64m_15rs_liquid_xoxno16EndpointWrappers4callB5_
FNDA:0,_RNvYpNtCs8Hczb6gz64m_15rs_liquid_xoxno16EndpointWrappers17callback_selectorB5_
FNDA:0,_RNvYpNtCs8Hczb6gz64m_15rs_liquid_xoxno16EndpointWrappers8callbackB5_
FNDA:0,_RNvXs1_Cs8Hczb6gz64m_15rs_liquid_xoxnoNtB5_11AbiProviderNtNtNtCsbsz6KDzH3Ls_13multiversx_sc13contract_base21contract_abi_provider19ContractAbiProvider3abi
FNDA:0,_RNvXINICs8Hczb6gz64m_15rs_liquid_xoxnosf_0pEINtB5_11ContractObjpENtNtNtCsbsz6KDzH3Ls_13multiversx_sc13contract_base17callable_contract16CallableContract4callB5_
FNDA:0,_RINvCs8Hczb6gz64m_15rs_liquid_xoxno12contract_objpEB2_
FNDA:0,_RINvXsg_Cs8Hczb6gz64m_15rs_liquid_xoxnoNtB6_15ContractBuilderNtNtNtCsbsz6KDzH3Ls_13multiversx_sc13contract_base17callable_contract23CallableContractBuilder16new_contract_objpEB6_
FNDA:0,_RINvNtCs8Hczb6gz64m_15rs_liquid_xoxno19___wasm__endpoints__4initpEB4_
FNDA:0,_RINvNtCs8Hczb6gz64m_15rs_liquid_xoxno19___wasm__endpoints__7upgradepEB4_
FNDA:0,_RINvNtCs8Hczb6gz64m_15rs_liquid_xoxno19___wasm__endpoints__8delegatepEB4_
FNDA:0,_RINvNtCs8Hczb6gz64m_15rs_liquid_xoxno19___wasm__endpoints__11un_delegatepEB4_
FNDA:0,_RINvNtCs8Hczb6gz64m_15rs_liquid_xoxno19___wasm__endpoints__8withdrawpEB4_
FNDA:0,_RINvNtCs8Hczb6gz64m_15rs_liquid_xoxno19___wasm__endpoints__11add_rewardspEB4_
FNDA:0,_RINvNtCs8Hczb6gz64m_15rs_liquid_xoxno19___wasm__endpoints__25get_ls_value_for_positionpEB4_
FNDA:0,_RINvNtCs8Hczb6gz64m_15rs_liquid_xoxno19___wasm__endpoints__26get_ls_amount_for_positionpEB4_
FNDA:0,_RINvNtCs8Hczb6gz64m_15rs_liquid_xoxno19___wasm__endpoints__17get_exchange_ratepEB4_
FNDA:0,_RINvNtCs8Hczb6gz64m_15rs_liquid_xoxno19___wasm__endpoints__8callBackpEB4_
FNDA:0,_RINvYpNtCs8Hczb6gz64m_15rs_liquid_xoxno10ProxyTrait4initpEB6_
FNDA:0,_RNvYpNtCs8Hczb6gz64m_15rs_liquid_xoxno10ProxyTrait7upgradeB5_
FNDA:0,_RINvYpNtCs8Hczb6gz64m_15rs_liquid_xoxno10ProxyTrait8delegatepEB6_
FNDA:0,_RNvYpNtCs8Hczb6gz64m_15rs_liquid_xoxno10ProxyTrait11un_delegateB5_
FNDA:0,_RNvYpNtCs8Hczb6gz64m_15rs_liquid_xoxno10ProxyTrait8withdrawB5_
FNDA:0,_RNvYpNtCs8Hczb6gz64m_15rs_liquid_xoxno10ProxyTrait11add_rewardsB5_
FNDA:0,_RINvYpNtCs8Hczb6gz64m_15rs_liquid_xoxno10ProxyTrait25get_ls_value_for_positionpEB6_
FNDA:0,_RINvYpNtCs8Hczb6gz64m_15rs_liquid_xoxno10ProxyTrait26get_ls_amount_for_positionpEB6_
FNDA:0,_RNvYpNtCs8Hczb6gz64m_15rs_liquid_xoxno10ProxyTrait17get_exchange_rateB5_
FNDA:0,_RNvXINICs8Hczb6gz64m_15rs_liquid_xoxnosh_0pEINtB5_5ProxypENtNtNtCsbsz6KDzH3Ls_13multiversx_sc13contract_base14proxy_obj_base12ProxyObjBase19extract_opt_addressB5_
FNDA:0,_RNvXINICs8Hczb6gz64m_15rs_liquid_xoxnosh_0pEINtB5_5ProxypENtNtNtCsbsz6KDzH3Ls_13multiversx_sc13contract_base14proxy_obj_base12ProxyObjBase16extract_proxy_toB5_
FNDA:0,_RNvXINICs8Hczb6gz64m_15rs_liquid_xoxnosi_0pEINtB5_5ProxypENtNtNtCsbsz6KDzH3Ls_13multiversx_sc13contract_base14proxy_obj_base11ProxyObjNew13new_proxy_objB5_
FNDA:0,_RNvXINICs8Hczb6gz64m_15rs_liquid_xoxnosi_0pEINtB5_5ProxypENtNtNtCsbsz6KDzH3Ls_13multiversx_sc13contract_base14proxy_obj_base11ProxyObjNew8contractB5_
FNDA:0,_RNvXINICs8Hczb6gz64m_15rs_liquid_xoxnosj_0pEINtB5_7ProxyTopENtNtNtCsbsz6KDzH3Ls_13multiversx_sc13contract_base14proxy_obj_base12ProxyObjBase19extract_opt_addressB5_
FNDA:0,_RNvXINICs8Hczb6gz64m_15rs_liquid_xoxnosj_0pEINtB5_7ProxyTopENtNtNtCsbsz6KDzH3Ls_13multiversx_sc13contract_base14proxy_obj_base12ProxyObjBase15extract_addressB5_
FNDA:0,_RNvXINICs8Hczb6gz64m_15rs_liquid_xoxnosj_0pEINtB5_7ProxyTopENtNtNtCsbsz6KDzH3Ls_13multiversx_sc13contract_base14proxy_obj_base12ProxyObjBase16extract_proxy_toB5_
FNF:9
FNH:5
DA:18,89
DA:28,0
DA:29,0
DA:37,17
DA:38,17
DA:39,17
DA:40,0
DA:41,17
DA:44,17
DA:45,17
DA:46,17
DA:47,0
DA:50,17
DA:51,17
DA:52,1
DA:55,16
DA:56,16
DA:57,16
DA:58,16
DA:59,16
DA:64,7
DA:65,7
DA:66,7
DA:67,7
DA:68,7
DA:69,7
DA:70,7
DA:71,0
DA:73,7
DA:74,7
DA:75,0
DA:77,7
DA:78,7
DA:79,0
DA:81,7
DA:83,7
DA:84,7
DA:85,7
DA:86,7
DA:87,7
DA:88,7
DA:89,7
DA:90,7
DA:91,7
DA:92,7
DA:93,7
DA:94,7
DA:95,7
DA:96,7
DA:97,7
DA:98,7
DA:99,7
DA:100,7
DA:101,7
DA:102,7
DA:103,7
DA:104,7
DA:105,7
DA:110,2
DA:111,2
DA:112,2
DA:113,2
DA:114,2
DA:115,2
DA:116,2
DA:117,2
DA:118,0
DA:120,2
DA:121,2
DA:122,2
DA:123,2
DA:125,2
DA:126,2
DA:127,2
DA:128,2
DA:129,2
DA:130,2
DA:131,1
DA:134,1
DA:135,1
DA:136,1
DA:137,1
DA:138,0
DA:139,1
DA:140,1
DA:141,1
DA:143,1
DA:144,1
DA:146,1
DA:147,1
DA:148,1
DA:149,1
DA:150,1
DA:151,1
DA:156,6
DA:157,6
DA:158,6
DA:159,6
DA:160,6
DA:161,6
DA:162,6
DA:163,0
DA:166,6
DA:167,6
DA:168,0
DA:170,6
DA:171,6
DA:172,6
DA:176,0
DA:177,0
DA:178,0
DA:182,0
DA:183,0
DA:184,0
DA:188,0
DA:189,0
DA:190,0
DA:191,0
DA:192,0
DA:193,0
DA:194,0
DA:195,0
DA:196,0
DA:197,0
BRF:0
BRH:0
LF:124
LH:97
end_of_record
SF:/Users/mihaieremia/GitHub/rs-liquid-xoxno/src/liquidity_pool.rs
FN:13,_RINvXse_NtCsiTp6lOF01jM_15rs_liquid_xoxno14liquidity_poolNtB6_5StateNtNtNtCsfE8xgC3FBzK_19multiversx_sc_codec6single6top_en9TopEncode24top_encode_or_handle_errINtNtNtCsbsz6KDzH3Ls_13multiversx_sc2io6finish16ApiOutputAdapterINtNtNtNtCs7USFsMRR6Ir_22multiversx_sc_scenario3api7impl_vh12vm_hooks_api10VMHooksApiNtNtB3E_9debug_api15DebugApiBackendEEINtNtNtNtB2E_13contract_base8wrappers10serializer21ExitCodecErrorHandlerB3z_EECsgypdUD68fhm_14blackbox_tests
FN:13,_RINvXse_NtCsiTp6lOF01jM_15rs_liquid_xoxno14liquidity_poolNtB6_5StateNtNtNtCsfE8xgC3FBzK_19multiversx_sc_codec6single6top_en9TopEncode24top_encode_or_handle_errINtNtNtCsbsz6KDzH3Ls_13multiversx_sc7storage11storage_set16StorageSetOutputINtNtNtNtCs7USFsMRR6Ir_22multiversx_sc_scenario3api7impl_vh12vm_hooks_api10VMHooksApiNtNtB3P_9debug_api15DebugApiBackendEEINtNtNtNtB2E_13contract_base8wrappers10serializer21ExitCodecErrorHandlerB3K_EECsgypdUD68fhm_14blackbox_tests
FN:13,_RINvXsf_NtCsiTp6lOF01jM_15rs_liquid_xoxno14liquidity_poolNtB6_5StateNtNtNtCsfE8xgC3FBzK_19multiversx_sc_codec6single6top_de9TopDecode24top_decode_or_handle_errINtNtNtCsbsz6KDzH3Ls_13multiversx_sc7storage11storage_get15StorageGetInputINtNtNtNtCs7USFsMRR6Ir_22multiversx_sc_scenario3api7impl_vh12vm_hooks_api10VMHooksApiNtNtB3O_9debug_api15DebugApiBackendEEINtB2A_22StorageGetErrorHandlerB3J_EECsgypdUD68fhm_14blackbox_tests
FN:98,_RINvYINtCsiTp6lOF01jM_15rs_liquid_xoxno11ContractObjINtNtNtNtCs7USFsMRR6Ir_22multiversx_sc_scenario3api7impl_vh12vm_hooks_api10VMHooksApiNtNtBT_9debug_api15DebugApiBackendEENtNtB6_14liquidity_pool19LiquidityPoolModule19mint_unstake_tokensINtNtB6_6config22UnstakeTokenAttributesBO_EECsgypdUD68fhm_14blackbox_tests
FN:19,_RNvYINtCsiTp6lOF01jM_15rs_liquid_xoxno11ContractObjINtNtNtNtCs7USFsMRR6Ir_22multiversx_sc_scenario3api7impl_vh12vm_hooks_api10VMHooksApiNtNtBS_9debug_api15DebugApiBackendEENtNtB5_14liquidity_pool16EndpointWrappers17callback_selectorCsgypdUD68fhm_14blackbox_tests
FN:19,_RNvYINtCsiTp6lOF01jM_15rs_liquid_xoxno11ContractObjINtNtNtNtCs7USFsMRR6Ir_22multiversx_sc_scenario3api7impl_vh12vm_hooks_api10VMHooksApiNtNtBS_9debug_api15DebugApiBackendEENtNtB5_14liquidity_pool16EndpointWrappers4callCsgypdUD68fhm_14blackbox_tests
FN:19,_RNvYINtCsiTp6lOF01jM_15rs_liquid_xoxno11ContractObjINtNtNtNtCs7USFsMRR6Ir_22multiversx_sc_scenario3api7impl_vh12vm_hooks_api10VMHooksApiNtNtBS_9debug_api15DebugApiBackendEENtNtB5_14liquidity_pool16EndpointWrappers8callbackCsgypdUD68fhm_14blackbox_tests
FN:94,_RNvYINtCsiTp6lOF01jM_15rs_liquid_xoxno11ContractObjINtNtNtNtCs7USFsMRR6Ir_22multiversx_sc_scenario3api7impl_vh12vm_hooks_api10VMHooksApiNtNtBS_9debug_api15DebugApiBackendEENtNtB5_14liquidity_pool19LiquidityPoolModule13burn_ls_tokenCsgypdUD68fhm_14blackbox_tests
FN:90,_RNvYINtCsiTp6lOF01jM_15rs_liquid_xoxno11ContractObjINtNtNtNtCs7USFsMRR6Ir_22multiversx_sc_scenario3api7impl_vh12vm_hooks_api10VMHooksApiNtNtBS_9debug_api15DebugApiBackendEENtNtB5_14liquidity_pool19LiquidityPoolModule13mint_ls_tokenCsgypdUD68fhm_14blackbox_tests
FN:52,_RNvYINtCsiTp6lOF01jM_15rs_liquid_xoxno11ContractObjINtNtNtNtCs7USFsMRR6Ir_22multiversx_sc_scenario3api7impl_vh12vm_hooks_api10VMHooksApiNtNtBS_9debug_api15DebugApiBackendEENtNtB5_14liquidity_pool19LiquidityPoolModule16get_xoxno_amountCsgypdUD68fhm_14blackbox_tests
FN:27,_RNvYINtCsiTp6lOF01jM_15rs_liquid_xoxno11ContractObjINtNtNtNtCs7USFsMRR6Ir_22multiversx_sc_scenario3api7impl_vh12vm_hooks_api10VMHooksApiNtNtBS_9debug_api15DebugApiBackendEENtNtB5_14liquidity_pool19LiquidityPoolModule18pool_add_liquidityCsgypdUD68fhm_14blackbox_tests
FN:108,_RNvYINtCsiTp6lOF01jM_15rs_liquid_xoxno11ContractObjINtNtNtNtCs7USFsMRR6Ir_22multiversx_sc_scenario3api7impl_vh12vm_hooks_api10VMHooksApiNtNtBS_9debug_api15DebugApiBackendEENtNtB5_14liquidity_pool19LiquidityPoolModule19burn_unstake_tokensCsgypdUD68fhm_14blackbox_tests
FN:69,_RNvYINtCsiTp6lOF01jM_15rs_liquid_xoxno11ContractObjINtNtNtNtCs7USFsMRR6Ir_22multiversx_sc_scenario3api7impl_vh12vm_hooks_api10VMHooksApiNtNtBS_9debug_api15DebugApiBackendEENtNtB5_14liquidity_pool19LiquidityPoolModule19get_ls_token_amountCsgypdUD68fhm_14blackbox_tests
FN:40,_RNvYINtCsiTp6lOF01jM_15rs_liquid_xoxno11ContractObjINtNtNtNtCs7USFsMRR6Ir_22multiversx_sc_scenario3api7impl_vh12vm_hooks_api10VMHooksApiNtNtBS_9debug_api15DebugApiBackendEENtNtB5_14liquidity_pool19LiquidityPoolModule21pool_remove_liquidityCsgypdUD68fhm_14blackbox_tests
FN:13,_RINvXse_NtCs8Hczb6gz64m_15rs_liquid_xoxno14liquidity_poolNtB6_5StateNtNtNtCsfE8xgC3FBzK_19multiversx_sc_codec6single6top_en9TopEncode24top_encode_or_handle_errppEB8_
FN:13,_RINvXsf_NtCs8Hczb6gz64m_15rs_liquid_xoxno14liquidity_poolNtB6_5StateNtNtNtCsfE8xgC3FBzK_19multiversx_sc_codec6single6top_de9TopDecode24top_decode_or_handle_errppEB8_
FN:12,_RNvXsd_NtCs8Hczb6gz64m_15rs_liquid_xoxno14liquidity_poolNtB5_5StateNtNtNtCsbsz6KDzH3Ls_13multiversx_sc3abi8type_abi7TypeAbi9type_name
FN:12,_RINvXsd_NtCs8Hczb6gz64m_15rs_liquid_xoxno14liquidity_poolNtB6_5StateNtNtNtCsbsz6KDzH3Ls_13multiversx_sc3abi8type_abi7TypeAbi25provide_type_descriptionspEB8_
FN:27,_RNvYpNtNtCs8Hczb6gz64m_15rs_liquid_xoxno14liquidity_pool19LiquidityPoolModule18pool_add_liquidityB7_
FN:40,_RNvYpNtNtCs8Hczb6gz64m_15rs_liquid_xoxno14liquidity_pool19LiquidityPoolModule21pool_remove_liquidityB7_
FN:52,_RNvYpNtNtCs8Hczb6gz64m_15rs_liquid_xoxno14liquidity_pool19LiquidityPoolModule16get_xoxno_amountB7_
FN:69,_RNvYpNtNtCs8Hczb6gz64m_15rs_liquid_xoxno14liquidity_pool19LiquidityPoolModule19get_ls_token_amountB7_
FN:90,_RNvYpNtNtCs8Hczb6gz64m_15rs_liquid_xoxno14liquidity_pool19LiquidityPoolModule13mint_ls_tokenB7_
FN:94,_RNvYpNtNtCs8Hczb6gz64m_15rs_liquid_xoxno14liquidity_pool19LiquidityPoolModule13burn_ls_tokenB7_
FN:98,_RINvYpNtNtCs8Hczb6gz64m_15rs_liquid_xoxno14liquidity_pool19LiquidityPoolModule19mint_unstake_tokenspEB8_
FN:108,_RNvYpNtNtCs8Hczb6gz64m_15rs_liquid_xoxno14liquidity_pool19LiquidityPoolModule19burn_unstake_tokensB7_
FN:19,_RNvYpNtNtCs8Hczb6gz64m_15rs_liquid_xoxno14liquidity_pool16EndpointWrappers4callB7_
FN:19,_RNvYpNtNtCs8Hczb6gz64m_15rs_liquid_xoxno14liquidity_pool16EndpointWrappers17callback_selectorB7_
FN:19,_RNvYpNtNtCs8Hczb6gz64m_15rs_liquid_xoxno14liquidity_pool16EndpointWrappers8callbackB7_
FN:19,_RNvXs1_NtCs8Hczb6gz64m_15rs_liquid_xoxno14liquidity_poolNtB5_11AbiProviderNtNtNtCsbsz6KDzH3Ls_13multiversx_sc13contract_base21contract_abi_provider19ContractAbiProvider3abi
FN:19,_RNvXININtCs8Hczb6gz64m_15rs_liquid_xoxno14liquidity_pools9_0pEINtB5_11ContractObjpENtNtNtCsbsz6KDzH3Ls_13multiversx_sc13contract_base17callable_contract16CallableContract4callB7_
FN:19,_RINvNtCs8Hczb6gz64m_15rs_liquid_xoxno14liquidity_pool12contract_objpEB4_
FN:19,_RINvXsa_NtCs8Hczb6gz64m_15rs_liquid_xoxno14liquidity_poolNtB6_15ContractBuilderNtNtNtCsbsz6KDzH3Ls_13multiversx_sc13contract_base17callable_contract23CallableContractBuilder16new_contract_objpEB8_
FNDA:3,_RINvXse_NtCsiTp6lOF01jM_15rs_liquid_xoxno14liquidity_poolNtB6_5StateNtNtNtCsfE8xgC3FBzK_19multiversx_sc_codec6single6top_en9TopEncode24top_encode_or_handle_errINtNtNtCsbsz6KDzH3Ls_13multiversx_sc2io6finish16ApiOutputAdapterINtNtNtNtCs7USFsMRR6Ir_22multiversx_sc_scenario3api7impl_vh12vm_hooks_api10VMHooksApiNtNtB3E_9debug_api15DebugApiBackendEEINtNtNtNtB2E_13contract_base8wrappers10serializer21ExitCodecErrorHandlerB3z_EECsgypdUD68fhm_14blackbox_tests
FNDA:13,_RINvXse_NtCsiTp6lOF01jM_15rs_liquid_xoxno14liquidity_poolNtB6_5StateNtNtNtCsfE8xgC3FBzK_19multiversx_sc_codec6single6top_en9TopEncode24top_encode_or_handle_errINtNtNtCsbsz6KDzH3Ls_13multiversx_sc7storage11storage_set16StorageSetOutputINtNtNtNtCs7USFsMRR6Ir_22multiversx_sc_scenario3api7impl_vh12vm_hooks_api10VMHooksApiNtNtB3P_9debug_api15DebugApiBackendEEINtNtNtNtB2E_13contract_base8wrappers10serializer21ExitCodecErrorHandlerB3K_EECsgypdUD68fhm_14blackbox_tests
FNDA:35,_RINvXsf_NtCsiTp6lOF01jM_15rs_liquid_xoxno14liquidity_poolNtB6_5StateNtNtNtCsfE8xgC3FBzK_19multiversx_sc_codec6single6top_de9TopDecode24top_decode_or_handle_errINtNtNtCsbsz6KDzH3Ls_13multiversx_sc7storage11storage_get15StorageGetInputINtNtNtNtCs7USFsMRR6Ir_22multiversx_sc_scenario3api7impl_vh12vm_hooks_api10VMHooksApiNtNtB3O_9debug_api15DebugApiBackendEEINtB2A_22StorageGetErrorHandlerB3J_EECsgypdUD68fhm_14blackbox_tests
FNDA:6,_RINvYINtCsiTp6lOF01jM_15rs_liquid_xoxno11ContractObjINtNtNtNtCs7USFsMRR6Ir_22multiversx_sc_scenario3api7impl_vh12vm_hooks_api10VMHooksApiNtNtBT_9debug_api15DebugApiBackendEENtNtB6_14liquidity_pool19LiquidityPoolModule19mint_unstake_tokensINtNtB6_6config22UnstakeTokenAttributesBO_EECsgypdUD68fhm_14blackbox_tests
FNDA:0,_RNvYINtCsiTp6lOF01jM_15rs_liquid_xoxno11ContractObjINtNtNtNtCs7USFsMRR6Ir_22multiversx_sc_scenario3api7impl_vh12vm_hooks_api10VMHooksApiNtNtBS_9debug_api15DebugApiBackendEENtNtB5_14liquidity_pool16EndpointWrappers17callback_selectorCsgypdUD68fhm_14blackbox_tests
FNDA:0,_RNvYINtCsiTp6lOF01jM_15rs_liquid_xoxno11ContractObjINtNtNtNtCs7USFsMRR6Ir_22multiversx_sc_scenario3api7impl_vh12vm_hooks_api10VMHooksApiNtNtBS_9debug_api15DebugApiBackendEENtNtB5_14liquidity_pool16EndpointWrappers4callCsgypdUD68fhm_14blackbox_tests
FNDA:0,_RNvYINtCsiTp6lOF01jM_15rs_liquid_xoxno11ContractObjINtNtNtNtCs7USFsMRR6Ir_22multiversx_sc_scenario3api7impl_vh12vm_hooks_api10VMHooksApiNtNtBS_9debug_api15DebugApiBackendEENtNtB5_14liquidity_pool16EndpointWrappers8callbackCsgypdUD68fhm_14blackbox_tests
FNDA:6,_RNvYINtCsiTp6lOF01jM_15rs_liquid_xoxno11ContractObjINtNtNtNtCs7USFsMRR6Ir_22multiversx_sc_scenario3api7impl_vh12vm_hooks_api10VMHooksApiNtNtBS_9debug_api15DebugApiBackendEENtNtB5_14liquidity_pool19LiquidityPoolModule13burn_ls_tokenCsgypdUD68fhm_14blackbox_tests
FNDA:16,_RNvYINtCsiTp6lOF01jM_15rs_liquid_xoxno11ContractObjINtNtNtNtCs7USFsMRR6Ir_22multiversx_sc_scenario3api7impl_vh12vm_hooks_api10VMHooksApiNtNtBS_9debug_api15DebugApiBackendEENtNtB5_14liquidity_pool19LiquidityPoolModule13mint_ls_tokenCsgypdUD68fhm_14blackbox_tests
FNDA:7,_RNvYINtCsiTp6lOF01jM_15rs_liquid_xoxno11ContractObjINtNtNtNtCs7USFsMRR6Ir_22multiversx_sc_scenario3api7impl_vh12vm_hooks_api10VMHooksApiNtNtBS_9debug_api15DebugApiBackendEENtNtB5_14liquidity_pool19LiquidityPoolModule16get_xoxno_amountCsgypdUD68fhm_14blackbox_tests
FNDA:16,_RNvYINtCsiTp6lOF01jM_15rs_liquid_xoxno11ContractObjINtNtNtNtCs7USFsMRR6Ir_22multiversx_sc_scenario3api7impl_vh12vm_hooks_api10VMHooksApiNtNtBS_9debug_api15DebugApiBackendEENtNtB5_14liquidity_pool19LiquidityPoolModule18pool_add_liquidityCsgypdUD68fhm_14blackbox_tests
FNDA:1,_RNvYINtCsiTp6lOF01jM_15rs_liquid_xoxno11ContractObjINtNtNtNtCs7USFsMRR6Ir_22multiversx_sc_scenario3api7impl_vh12vm_hooks_api10VMHooksApiNtNtBS_9debug_api15DebugApiBackendEENtNtB5_14liquidity_pool19LiquidityPoolModule19burn_unstake_tokensCsgypdUD68fhm_14blackbox_tests
FNDA:16,_RNvYINtCsiTp6lOF01jM_15rs_liquid_xoxno11ContractObjINtNtNtNtCs7USFsMRR6Ir_22multiversx_sc_scenario3api7impl_vh12vm_hooks_api10VMHooksApiNtNtBS_9debug_api15DebugApiBackendEENtNtB5_14liquidity_pool19LiquidityPoolModule19get_ls_token_amountCsgypdUD68fhm_14blackbox_tests
FNDA:7,_RNvYINtCsiTp6lOF01jM_15rs_liquid_xoxno11ContractObjINtNtNtNtCs7USFsMRR6Ir_22multiversx_sc_scenario3api7impl_vh12vm_hooks_api10VMHooksApiNtNtBS_9debug_api15DebugApiBackendEENtNtB5_14liquidity_pool19LiquidityPoolModule21pool_remove_liquidityCsgypdUD68fhm_14blackbox_tests
FNDA:0,_RINvXse_NtCs8Hczb6gz64m_15rs_liquid_xoxno14liquidity_poolNtB6_5StateNtNtNtCsfE8xgC3FBzK_19multiversx_sc_codec6single6top_en9TopEncode24top_encode_or_handle_errppEB8_
FNDA:0,_RINvXsf_NtCs8Hczb6gz64m_15rs_liquid_xoxno14liquidity_poolNtB6_5StateNtNtNtCsfE8xgC3FBzK_19multiversx_sc_codec6single6top_de9TopDecode24top_decode_or_handle_errppEB8_
FNDA:0,_RNvXsd_NtCs8Hczb6gz64m_15rs_liquid_xoxno14liquidity_poolNtB5_5StateNtNtNtCsbsz6KDzH3Ls_13multiversx_sc3abi8type_abi7TypeAbi9type_name
FNDA:0,_RINvXsd_NtCs8Hczb6gz64m_15rs_liquid_xoxno14liquidity_poolNtB6_5StateNtNtNtCsbsz6KDzH3Ls_13multiversx_sc3abi8type_abi7TypeAbi25provide_type_descriptionspEB8_
FNDA:0,_RNvYpNtNtCs8Hczb6gz64m_15rs_liquid_xoxno14liquidity_pool19LiquidityPoolModule18pool_add_liquidityB7_
FNDA:0,_RNvYpNtNtCs8Hczb6gz64m_15rs_liquid_xoxno14liquidity_pool19LiquidityPoolModule21pool_remove_liquidityB7_
FNDA:0,_RNvYpNtNtCs8Hczb6gz64m_15rs_liquid_xoxno14liquidity_pool19LiquidityPoolModule16get_xoxno_amountB7_
FNDA:0,_RNvYpNtNtCs8Hczb6gz64m_15rs_liquid_xoxno14liquidity_pool19LiquidityPoolModule19get_ls_token_amountB7_
FNDA:0,_RNvYpNtNtCs8Hczb6gz64m_15rs_liquid_xoxno14liquidity_pool19LiquidityPoolModule13mint_ls_tokenB7_
FNDA:0,_RNvYpNtNtCs8Hczb6gz64m_15rs_liquid_xoxno14liquidity_pool19LiquidityPoolModule13burn_ls_tokenB7_
FNDA:0,_RINvYpNtNtCs8Hczb6gz64m_15rs_liquid_xoxno14liquidity_pool19LiquidityPoolModule19mint_unstake_tokenspEB8_
FNDA:0,_RNvYpNtNtCs8Hczb6gz64m_15rs_liquid_xoxno14liquidity_pool19LiquidityPoolModule19burn_unstake_tokensB7_
[...]
FN:108,_RNvMs1_NtCsiTp6lOF01jM_15rs_liquid_xoxno14rs_xoxno_proxyINtB5_25RsLiquidXoxnoProxyMethodsNtNtNtNtCs7USFsMRR6Ir_22multiversx_sc_scenario6facade8world_tx18scenario_exec_call15ScenarioEnvExecNtNtNtNtNtCsbsz6KDzH3Ls_13multiversx_sc5types11interaction4expr12test_address11TestAddressNtNtB34_15test_sc_address13TestSCAddressuE8withdrawCsgypdUD68fhm_14blackbox_tests
FN:231,_RNvMs1_NtCsiTp6lOF01jM_15rs_liquid_xoxno14rs_xoxno_proxyINtB5_25RsLiquidXoxnoProxyMethodsNtNtNtNtCs7USFsMRR6Ir_22multiversx_sc_scenario6facade8world_tx19scenario_query_call16ScenarioEnvQueryuNtNtNtNtNtCsbsz6KDzH3Ls_13multiversx_sc5types11interaction4expr15test_sc_address13TestSCAddressuE10main_tokenCsgypdUD68fhm_14blackbox_tests
FN:240,_RNvMs1_NtCsiTp6lOF01jM_15rs_liquid_xoxno14rs_xoxno_proxyINtB5_25RsLiquidXoxnoProxyMethodsNtNtNtNtCs7USFsMRR6Ir_22multiversx_sc_scenario6facade8world_tx19scenario_query_call16ScenarioEnvQueryuNtNtNtNtNtCsbsz6KDzH3Ls_13multiversx_sc5types11interaction4expr15test_sc_address13TestSCAddressuE15ls_token_supplyCsgypdUD68fhm_14blackbox_tests
FN:267,_RNvMs1_NtCsiTp6lOF01jM_15rs_liquid_xoxno14rs_xoxno_proxyINtB5_25RsLiquidXoxnoProxyMethodsNtNtNtNtCs7USFsMRR6Ir_22multiversx_sc_scenario6facade8world_tx19scenario_query_call16ScenarioEnvQueryuNtNtNtNtNtCsbsz6KDzH3Ls_13multiversx_sc5types11interaction4expr15test_sc_address13TestSCAddressuE20unstake_token_supplyCsgypdUD68fhm_14blackbox_tests
FN:249,_RNvMs1_NtCsiTp6lOF01jM_15rs_liquid_xoxno14rs_xoxno_proxyINtB5_25RsLiquidXoxnoProxyMethodsNtNtNtNtCs7USFsMRR6Ir_22multiversx_sc_scenario6facade8world_tx19scenario_query_call16ScenarioEnvQueryuNtNtNtNtNtCsbsz6KDzH3Ls_13multiversx_sc5types11interaction4expr15test_sc_address13TestSCAddressuE21virtual_xoxno_reserveCsgypdUD68fhm_14blackbox_tests
FN:213,_RNvMs1_NtCsiTp6lOF01jM_15rs_liquid_xoxno14rs_xoxno_proxyINtB5_25RsLiquidXoxnoProxyMethodsNtNtNtNtCs7USFsMRR6Ir_22multiversx_sc_scenario6facade8world_tx19scenario_query_call16ScenarioEnvQueryuNtNtNtNtNtCsbsz6KDzH3Ls_13multiversx_sc5types11interaction4expr15test_sc_address13TestSCAddressuE5stateCsgypdUD68fhm_14blackbox_tests
FN:23,_RNvXNtCsiTp6lOF01jM_15rs_liquid_xoxno14rs_xoxno_proxyNtB2_18RsLiquidXoxnoProxyINtNtNtNtCsbsz6KDzH3Ls_13multiversx_sc5types11interaction8tx_proxy12TxProxyTraitNtNtNtNtCs7USFsMRR6Ir_22multiversx_sc_scenario6facade8world_tx18scenario_exec_call15ScenarioEnvExecNtNtNtB1j_4expr12test_address11TestAddressNtNtB4b_15test_sc_address13TestSCAddressuE13proxy_methodsCsgypdUD68fhm_14blackbox_tests
FN:23,_RNvXNtCsiTp6lOF01jM_15rs_liquid_xoxno14rs_xoxno_proxyNtB2_18RsLiquidXoxnoProxyINtNtNtNtCsbsz6KDzH3Ls_13multiversx_sc5types11interaction8tx_proxy12TxProxyTraitNtNtNtNtCs7USFsMRR6Ir_22multiversx_sc_scenario6facade8world_tx19scenario_query_call16ScenarioEnvQueryuNtNtNtB1j_4expr15test_sc_address13TestSCAddressuE13proxy_methodsCsgypdUD68fhm_14blackbox_tests
FN:23,_RNvXININtCs8Hczb6gz64m_15rs_liquid_xoxno14rs_xoxno_proxy0ppppENtB5_18RsLiquidXoxnoProxyINtNtNtNtCsbsz6KDzH3Ls_13multiversx_sc5types11interaction8tx_proxy12TxProxyTraitppppE13proxy_methodsB7_
FN:46,_RINvMs_NtCs8Hczb6gz64m_15rs_liquid_xoxno14rs_xoxno_proxyINtB5_25RsLiquidXoxnoProxyMethodsppupE4initpEB7_
FN:69,_RNvMs0_NtCs8Hczb6gz64m_15rs_liquid_xoxno14rs_xoxno_proxyINtB5_25RsLiquidXoxnoProxyMethodsppppE7upgradeB7_
FN:88,_RINvMs1_NtCs8Hczb6gz64m_15rs_liquid_xoxno14rs_xoxno_proxyINtB6_25RsLiquidXoxnoProxyMethodsppppE8delegatepEB8_
FN:100,_RNvMs1_NtCs8Hczb6gz64m_15rs_liquid_xoxno14rs_xoxno_proxyINtB5_25RsLiquidXoxnoProxyMethodsppppE11un_delegateB7_
FN:108,_RNvMs1_NtCs8Hczb6gz64m_15rs_liquid_xoxno14rs_xoxno_proxyINtB5_25RsLiquidXoxnoProxyMethodsppppE8withdrawB7_
FN:116,_RNvMs1_NtCs8Hczb6gz64m_15rs_liquid_xoxno14rs_xoxno_proxyINtB5_25RsLiquidXoxnoProxyMethodsppppE11add_rewardsB7_
FN:124,_RINvMs1_NtCs8Hczb6gz64m_15rs_liquid_xoxno14rs_xoxno_proxyINtB6_25RsLiquidXoxnoProxyMethodsppppE25get_ls_value_for_positionpEB8_
FN:137,_RINvMs1_NtCs8Hczb6gz64m_15rs_liquid_xoxno14rs_xoxno_proxyINtB6_25RsLiquidXoxnoProxyMethodsppppE26get_ls_amount_for_positionpEB8_
FN:150,_RNvMs1_NtCs8Hczb6gz64m_15rs_liquid_xoxno14rs_xoxno_proxyINtB5_25RsLiquidXoxnoProxyMethodsppppE17get_exchange_rateB7_
FN:159,_RINvMs1_NtCs8Hczb6gz64m_15rs_liquid_xoxno14rs_xoxno_proxyINtB6_25RsLiquidXoxnoProxyMethodsppppE17register_ls_tokenpppEB8_
FN:177,_RINvMs1_NtCs8Hczb6gz64m_15rs_liquid_xoxno14rs_xoxno_proxyINtB6_25RsLiquidXoxnoProxyMethodsppppE22register_unstake_tokenpppEB8_
FN:195,_RNvMs1_NtCs8Hczb6gz64m_15rs_liquid_xoxno14rs_xoxno_proxyINtB5_25RsLiquidXoxnoProxyMethodsppppE16set_state_activeB7_
FN:204,_RNvMs1_NtCs8Hczb6gz64m_15rs_liquid_xoxno14rs_xoxno_proxyINtB5_25RsLiquidXoxnoProxyMethodsppppE18set_state_inactiveB7_
FN:213,_RNvMs1_NtCs8Hczb6gz64m_15rs_liquid_xoxno14rs_xoxno_proxyINtB5_25RsLiquidXoxnoProxyMethodsppppE5stateB7_
FN:222,_RNvMs1_NtCs8Hczb6gz64m_15rs_liquid_xoxno14rs_xoxno_proxyINtB5_25RsLiquidXoxnoProxyMethodsppppE8ls_tokenB7_
FN:231,_RNvMs1_NtCs8Hczb6gz64m_15rs_liquid_xoxno14rs_xoxno_proxyINtB5_25RsLiquidXoxnoProxyMethodsppppE10main_tokenB7_
FN:240,_RNvMs1_NtCs8Hczb6gz64m_15rs_liquid_xoxno14rs_xoxno_proxyINtB5_25RsLiquidXoxnoProxyMethodsppppE15ls_token_supplyB7_
FN:249,_RNvMs1_NtCs8Hczb6gz64m_15rs_liquid_xoxno14rs_xoxno_proxyINtB5_25RsLiquidXoxnoProxyMethodsppppE21virtual_xoxno_reserveB7_
FN:258,_RNvMs1_NtCs8Hczb6gz64m_15rs_liquid_xoxno14rs_xoxno_proxyINtB5_25RsLiquidXoxnoProxyMethodsppppE13unstake_tokenB7_
FN:267,_RNvMs1_NtCs8Hczb6gz64m_15rs_liquid_xoxno14rs_xoxno_proxyINtB5_25RsLiquidXoxnoProxyMethodsppppE20unstake_token_supplyB7_
FN:278,_RINvXs5_NtCs8Hczb6gz64m_15rs_liquid_xoxno14rs_xoxno_proxyNtB6_5StateNtNtNtCsfE8xgC3FBzK_19multiversx_sc_codec6single6top_en9TopEncode24top_encode_or_handle_errppEB8_
FN:278,_RINvXs6_NtCs8Hczb6gz64m_15rs_liquid_xoxno14rs_xoxno_proxyNtB6_5StateNtNtNtCsfE8xgC3FBzK_19multiversx_sc_codec6single6top_de9TopDecode24top_decode_or_handle_errppEB8_
FN:277,_RNvXs4_NtCs8Hczb6gz64m_15rs_liquid_xoxno14rs_xoxno_proxyNtB5_5StateNtNtNtCsbsz6KDzH3Ls_13multiversx_sc3abi8type_abi7TypeAbi9type_name
FN:277,_RINvXs4_NtCs8Hczb6gz64m_15rs_liquid_xoxno14rs_xoxno_proxyNtB6_5StateNtNtNtCsbsz6KDzH3Ls_13multiversx_sc3abi8type_abi7TypeAbi25provide_type_descriptionspEB8_
FN:285,_RINvXININtCs8Hczb6gz64m_15rs_liquid_xoxno14rs_xoxno_proxysa_0pEINtB6_17AddLiquidityEventpENtNtNtCsfE8xgC3FBzK_19multiversx_sc_codec6single6top_en9TopEncode24top_encode_or_handle_errppEB8_
FN:284,_RNvXININtCs8Hczb6gz64m_15rs_liquid_xoxno14rs_xoxno_proxys9_0pEINtB5_17AddLiquidityEventpENtNtNtCsbsz6KDzH3Ls_13multiversx_sc3abi8type_abi7TypeAbi9type_nameB7_
FN:284,_RINvXININtCs8Hczb6gz64m_15rs_liquid_xoxno14rs_xoxno_proxys9_0pEINtB6_17AddLiquidityEventpENtNtNtCsbsz6KDzH3Ls_13multiversx_sc3abi8type_abi7TypeAbi25provide_type_descriptionspEB8_
FN:301,_RINvXININtCs8Hczb6gz64m_15rs_liquid_xoxno14rs_xoxno_proxyse_0pEINtB6_20RemoveLiquidityEventpENtNtNtCsfE8xgC3FBzK_19multiversx_sc_codec6single6top_en9TopEncode24top_encode_or_handle_errppEB8_
FN:300,_RNvXININtCs8Hczb6gz64m_15rs_liquid_xoxno14rs_xoxno_proxysd_0pEINtB5_20RemoveLiquidityEventpENtNtNtCsbsz6KDzH3Ls_13multiversx_sc3abi8type_abi7TypeAbi9type_nameB7_
FN:300,_RINvXININtCs8Hczb6gz64m_15rs_liquid_xoxno14rs_xoxno_proxysd_0pEINtB6_20RemoveLiquidityEventpENtNtNtCsbsz6KDzH3Ls_13multiversx_sc3abi8type_abi7TypeAbi25provide_type_descriptionspEB8_
FN:319,_RINvXININtCs8Hczb6gz64m_15rs_liquid_xoxno14rs_xoxno_proxysi_0pEINtB6_15AddRewardsEventpENtNtNtCsfE8xgC3FBzK_19multiversx_sc_codec6single6top_en9TopEncode24top_encode_or_handle_errppEB8_
FN:318,_RNvXININtCs8Hczb6gz64m_15rs_liquid_xoxno14rs_xoxno_proxysh_0pEINtB5_15AddRewardsEventpENtNtNtCsbsz6KDzH3Ls_13multiversx_sc3abi8type_abi7TypeAbi9type_nameB7_
FN:318,_RINvXININtCs8Hczb6gz64m_15rs_liquid_xoxno14rs_xoxno_proxysh_0pEINtB6_15AddRewardsEventpENtNtNtCsbsz6KDzH3Ls_13multiversx_sc3abi8type_abi7TypeAbi25provide_type_descriptionspEB8_
FNDA:17,_RINvMs1_NtCsiTp6lOF01jM_15rs_liquid_xoxno14rs_xoxno_proxyINtB6_25RsLiquidXoxnoProxyMethodsNtNtNtNtCs7USFsMRR6Ir_22multiversx_sc_scenario6facade8world_tx18scenario_exec_call15ScenarioEnvExecNtNtNtNtNtCsbsz6KDzH3Ls_13multiversx_sc5types11interaction4expr12test_address11TestAddressNtNtB35_15test_sc_address13TestSCAddressuE8delegateINtNtNtCsfE8xgC3FBzK_19multiversx_sc_codec11multi_types20multi_value_optional13OptionalValueB31_EECsgypdUD68fhm_14blackbox_tests
FNDA:3,_RINvXs5_NtCsiTp6lOF01jM_15rs_liquid_xoxno14rs_xoxno_proxyNtB6_5StateNtNtNtCsfE8xgC3FBzK_19multiversx_sc_codec6single6top_en9TopEncode24top_encode_or_handle_errQINtNtCshTKFwE22Rw2_5alloc3vec3VechENtNtB1a_17codec_err_handler19DefaultErrorHandlerECsgypdUD68fhm_14blackbox_tests
FNDA:6,_RNvMs1_NtCsiTp6lOF01jM_15rs_liquid_xoxno14rs_xoxno_proxyINtB5_25RsLiquidXoxnoProxyMethodsNtNtNtNtCs7USFsMRR6Ir_22multiversx_sc_scenario6facade8world_tx18scenario_exec_call15ScenarioEnvExecNtNtNtNtNtCsbsz6KDzH3Ls_13multiversx_sc5types11interaction4expr12test_address11TestAddressNtNtB34_15test_sc_address13TestSCAddressuE11add_rewardsCsgypdUD68fhm_14blackbox_tests
FNDA:7,_RNvMs1_NtCsiTp6lOF01jM_15rs_liquid_xoxno14rs_xoxno_proxyINtB5_25RsLiquidXoxnoProxyMethodsNtNtNtNtCs7USFsMRR6Ir_22multiversx_sc_scenario6facade8world_tx18scenario_exec_call15ScenarioEnvExecNtNtNtNtNtCsbsz6KDzH3Ls_13multiversx_sc5types11interaction4expr12test_address11TestAddressNtNtB34_15test_sc_address13TestSCAddressuE11un_delegateCsgypdUD68fhm_14blackbox_tests
FNDA:12,_RNvMs1_NtCsiTp6lOF01jM_15rs_liquid_xoxno14rs_xoxno_proxyINtB5_25RsLiquidXoxnoProxyMethodsNtNtNtNtCs7USFsMRR6Ir_22multiversx_sc_scenario6facade8world_tx18scenario_exec_call15ScenarioEnvExecNtNtNtNtNtCsbsz6KDzH3Ls_13multiversx_sc5types11interaction4expr12test_address11TestAddressNtNtB34_15test_sc_address13TestSCAddressuE16set_state_activeCsgypdUD68fhm_14blackbox_tests
FNDA:1,_RNvMs1_NtCsiTp6lOF01jM_15rs_liquid_xoxno14rs_xoxno_proxyINtB5_25RsLiquidXoxnoProxyMethodsNtNtNtNtCs7USFsMRR6Ir_22multiversx_sc_scenario6facade8world_tx18scenario_exec_call15ScenarioEnvExecNtNtNtNtNtCsbsz6KDzH3Ls_13multiversx_sc5types11interaction4expr12test_address11TestAddressNtNtB34_15test_sc_address13TestSCAddressuE18set_state_inactiveCsgypdUD68fhm_14blackbox_tests
FNDA:2,_RNvMs1_NtCsiTp6lOF01jM_15rs_liquid_xoxno14rs_xoxno_proxyINtB5_25RsLiquidXoxnoProxyMethodsNtNtNtNtCs7USFsMRR6Ir_22multiversx_sc_scenario6facade8world_tx18scenario_exec_call15ScenarioEnvExecNtNtNtNtNtCsbsz6KDzH3Ls_13multiversx_sc5types11interaction4expr12test_address11TestAddressNtNtB34_15test_sc_address13TestSCAddressuE8withdrawCsgypdUD68fhm_14blackbox_tests
FNDA:1,_RNvMs1_NtCsiTp6lOF01jM_15rs_liquid_xoxno14rs_xoxno_proxyINtB5_25RsLiquidXoxnoProxyMethodsNtNtNtNtCs7USFsMRR6Ir_22multiversx_sc_scenario6facade8world_tx19scenario_query_call16ScenarioEnvQueryuNtNtNtNtNtCsbsz6KDzH3Ls_13multiversx_sc5types11interaction4expr15test_sc_address13TestSCAddressuE10main_tokenCsgypdUD68fhm_14blackbox_tests
FNDA:19,_RNvMs1_NtCsiTp6lOF01jM_15rs_liquid_xoxno14rs_xoxno_proxyINtB5_25RsLiquidXoxnoProxyMethodsNtNtNtNtCs7USFsMRR6Ir_22multiversx_sc_scenario6facade8world_tx19scenario_query_call16ScenarioEnvQueryuNtNtNtNtNtCsbsz6KDzH3Ls_13multiversx_sc5types11interaction4expr15test_sc_address13TestSCAddressuE15ls_token_supplyCsgypdUD68fhm_14blackbox_tests
FNDA:1,_RNvMs1_NtCsiTp6lOF01jM_15rs_liquid_xoxno14rs_xoxno_proxyINtB5_25RsLiquidXoxnoProxyMethodsNtNtNtNtCs7USFsMRR6Ir_22multiversx_sc_scenario6facade8world_tx19scenario_query_call16ScenarioEnvQueryuNtNtNtNtNtCsbsz6KDzH3Ls_13multiversx_sc5types11interaction4expr15test_sc_address13TestSCAddressuE20unstake_token_supplyCsgypdUD68fhm_14blackbox_tests
FNDA:20,_RNvMs1_NtCsiTp6lOF01jM_15rs_liquid_xoxno14rs_xoxno_proxyINtB5_25RsLiquidXoxnoProxyMethodsNtNtNtNtCs7USFsMRR6Ir_22multiversx_sc_scenario6facade8world_tx19scenario_query_call16ScenarioEnvQueryuNtNtNtNtNtCsbsz6KDzH3Ls_13multiversx_sc5types11interaction4expr15test_sc_address13TestSCAddressuE21virtual_xoxno_reserveCsgypdUD68fhm_14blackbox_tests
FNDA:3,_RNvMs1_NtCsiTp6lOF01jM_15rs_liquid_xoxno14rs_xoxno_proxyINtB5_25RsLiquidXoxnoProxyMethodsNtNtNtNtCs7USFsMRR6Ir_22multiversx_sc_scenario6facade8world_tx19scenario_query_call16ScenarioEnvQueryuNtNtNtNtNtCsbsz6KDzH3Ls_13multiversx_sc5types11interaction4expr15test_sc_address13TestSCAddressuE5stateCsgypdUD68fhm_14blackbox_tests
FNDA:45,_RNvXNtCsiTp6lOF01jM_15rs_liquid_xoxno14rs_xoxno_proxyNtB2_18RsLiquidXoxnoProxyINtNtNtNtCsbsz6KDzH3Ls_13multiversx_sc5types11interaction8tx_proxy12TxProxyTraitNtNtNtNtCs7USFsMRR6Ir_22multiversx_sc_scenario6facade8world_tx18scenario_exec_call15ScenarioEnvExecNtNtNtB1j_4expr12test_address11TestAddressNtNtB4b_15test_sc_address13TestSCAddressuE13proxy_methodsCsgypdUD68fhm_14blackbox_tests
FNDA:44,_RNvXNtCsiTp6lOF01jM_15rs_liquid_xoxno14rs_xoxno_proxyNtB2_18RsLiquidXoxnoProxyINtNtNtNtCsbsz6KDzH3Ls_13multiversx_sc5types11interaction8tx_proxy12TxProxyTraitNtNtNtNtCs7USFsMRR6Ir_22multiversx_sc_scenario6facade8world_tx19scenario_query_call16ScenarioEnvQueryuNtNtNtB1j_4expr15test_sc_address13TestSCAddressuE13proxy_methodsCsgypdUD68fhm_14blackbox_tests
FNDA:0,_RNvXININtCs8Hczb6gz64m_15rs_liquid_xoxno14rs_xoxno_proxy0ppppENtB5_18RsLiquidXoxnoProxyINtNtNtNtCsbsz6KDzH3Ls_13multiversx_sc5types11interaction8tx_proxy12TxProxyTraitppppE13proxy_methodsB7_
FNDA:0,_RINvMs_NtCs8Hczb6gz64m_15rs_liquid_xoxno14rs_xoxno_proxyINtB5_25RsLiquidXoxnoProxyMethodsppupE4initpEB7_
FNDA:0,_RNvMs0_NtCs8Hczb6gz64m_15rs_liquid_xoxno14rs_xoxno_proxyINtB5_25RsLiquidXoxnoProxyMethodsppppE7upgradeB7_
FNDA:0,_RINvMs1_NtCs8Hczb6gz64m_15rs_liquid_xoxno14rs_xoxno_proxyINtB6_25RsLiquidXoxnoProxyMethodsppppE8delegatepEB8_
FNDA:0,_RNvMs1_NtCs8Hczb6gz64m_15rs_liquid_xoxno14rs_xoxno_proxyINtB5_25RsLiquidXoxnoProxyMethodsppppE11un_delegateB7_
FNDA:0,_RNvMs1_NtCs8Hczb6gz64m_15rs_liquid_xoxno14rs_xoxno_proxyINtB5_25RsLiquidXoxnoProxyMethodsppppE8withdrawB7_
FNDA:0,_RNvMs1_NtCs8Hczb6gz64m_15rs_liquid_xoxno14rs_xoxno_proxyINtB5_25RsLiquidXoxnoProxyMethodsppppE11add_rewardsB7_
FNDA:0,_RINvMs1_NtCs8Hczb6gz64m_15rs_liquid_xoxno14rs_xoxno_proxyINtB6_25RsLiquidXoxnoProxyMethodsppppE25get_ls_value_for_positionpEB8_
FNDA:0,_RINvMs1_NtCs8Hczb6gz64m_15rs_liquid_xoxno14rs_xoxno_proxyINtB6_25RsLiquidXoxnoProxyMethodsppppE26get_ls_amount_for_positionpEB8_
FNDA:0,_RNvMs1_NtCs8Hczb6gz64m_15rs_liquid_xoxno14rs_xoxno_proxyINtB5_25RsLiquidXoxnoProxyMethodsppppE17get_exchange_rateB7_
FNDA:0,_RINvMs1_NtCs8Hczb6gz64m_15rs_liquid_xoxno14rs_xoxno_proxyINtB6_25RsLiquidXoxnoProxyMethodsppppE17register_ls_tokenpppEB8_
FNDA:0,_RINvMs1_NtCs8Hczb6gz64m_15rs_liquid_xoxno14rs_xoxno_proxyINtB6_25RsLiquidXoxnoProxyMethodsppppE22register_unstake_tokenpppEB8_
FNDA:0,_RNvMs1_NtCs8Hczb6gz64m_15rs_liquid_xoxno14rs_xoxno_proxyINtB5_25RsLiquidXoxnoProxyMethodsppppE16set_state_activeB7_
FNDA:0,_RNvMs1_NtCs8Hczb6gz64m_15rs_liquid_xoxno14rs_xoxno_proxyINtB5_25RsLiquidXoxnoProxyMethodsppppE18set_state_inactiveB7_
FNDA:0,_RNvMs1_NtCs8Hczb6gz64m_15rs_liquid_xoxno14rs_xoxno_proxyINtB5_25RsLiquidXoxnoProxyMethodsppppE5stateB7_
FNDA:0,_RNvMs1_NtCs8Hczb6gz64m_15rs_liquid_xoxno14rs_xoxno_proxyINtB5_25RsLiquidXoxnoProxyMethodsppppE8ls_tokenB7_
FNDA:0,_RNvMs1_NtCs8Hczb6gz64m_15rs_liquid_xoxno14rs_xoxno_proxyINtB5_25RsLiquidXoxnoProxyMethodsppppE10main_tokenB7_
FNDA:0,_RNvMs1_NtCs8Hczb6gz64m_15rs_liquid_xoxno14rs_xoxno_proxyINtB5_25RsLiquidXoxnoProxyMethodsppppE15ls_token_supplyB7_
FNDA:0,_RNvMs1_NtCs8Hczb6gz64m_15rs_liquid_xoxno14rs_xoxno_proxyINtB5_25RsLiquidXoxnoProxyMethodsppppE21virtual_xoxno_reserveB7_
FNDA:0,_RNvMs1_NtCs8Hczb6gz64m_15rs_liquid_xoxno14rs_xoxno_proxyINtB5_25RsLiquidXoxnoProxyMethodsppppE13unstake_tokenB7_
FNDA:0,_RNvMs1_NtCs8Hczb6gz64m_15rs_liquid_xoxno14rs_xoxno_proxyINtB5_25RsLiquidXoxnoProxyMethodsppppE20unstake_token_supplyB7_
FNDA:0,_RINvXs5_NtCs8Hczb6gz64m_15rs_liquid_xoxno14rs_xoxno_proxyNtB6_5StateNtNtNtCsfE8xgC3FBzK_19multiversx_sc_codec6single6top_en9TopEncode24top_encode_or_handle_errppEB8_
FNDA:0,_RINvXs6_NtCs8Hczb6gz64m_15rs_liquid_xoxno14rs_xoxno_proxyNtB6_5StateNtNtNtCsfE8xgC3FBzK_19multiversx_sc_codec6single6top_de9TopDecode24top_decode_or_handle_errppEB8_
FNDA:0,_RNvXs4_NtCs8Hczb6gz64m_15rs_liquid_xoxno14rs_xoxno_proxyNtB5_5StateNtNtNtCsbsz6KDzH3Ls_13multiversx_sc3abi8type_abi7TypeAbi9type_name
FNDA:0,_RINvXs4_NtCs8Hczb6gz64m_15rs_liquid_xoxno14rs_xoxno_proxyNtB6_5StateNtNtNtCsbsz6KDzH3Ls_13multiversx_sc3abi8type_abi7TypeAbi25provide_type_descriptionspEB8_
FNDA:0,_RINvXININtCs8Hczb6gz64m_15rs_liquid_xoxno14rs_xoxno_proxysa_0pEINtB6_17AddLiquidityEventpENtNtNtCsfE8xgC3FBzK_19multiversx_sc_codec6single6top_en9TopEncode24top_encode_or_handle_errppEB8_
FNDA:0,_RNvXININtCs8Hczb6gz64m_15rs_liquid_xoxno14rs_xoxno_proxys9_0pEINtB5_17AddLiquidityEventpENtNtNtCsbsz6KDzH3Ls_13multiversx_sc3abi8type_abi7TypeAbi9type_nameB7_
FNDA:0,_RINvXININtCs8Hczb6gz64m_15rs_liquid_xoxno14rs_xoxno_proxys9_0pEINtB6_17AddLiquidityEventpENtNtNtCsbsz6KDzH3Ls_13multiversx_sc3abi8type_abi7TypeAbi25provide_type_descriptionspEB8_
FNDA:0,_RINvXININtCs8Hczb6gz64m_15rs_liquid_xoxno14rs_xoxno_proxyse_0pEINtB6_20RemoveLiquidityEventpENtNtNtCsfE8xgC3FBzK_19multiversx_sc_codec6single6top_en9TopEncode24top_encode_or_handle_errppEB8_
FNDA:0,_RNvXININtCs8Hczb6gz64m_15rs_liquid_xoxno14rs_xoxno_proxysd_0pEINtB5_20RemoveLiquidityEventpENtNtNtCsbsz6KDzH3Ls_13multiversx_sc3abi8type_abi7TypeAbi9type_nameB7_
FNDA:0,_RINvXININtCs8Hczb6gz64m_15rs_liquid_xoxno14rs_xoxno_proxysd_0pEINtB6_20RemoveLiquidityEventpENtNtNtCsbsz6KDzH3Ls_13multiversx_sc3abi8type_abi7TypeAbi25provide_type_descriptionspEB8_
FNDA:0,_RINvXININtCs8Hczb6gz64m_15rs_liquid_xoxno14rs_xoxno_proxysi_0pEINtB6_15AddRewardsEventpENtNtNtCsfE8xgC3FBzK_19multiversx_sc_codec6single6top_en9TopEncode24top_encode_or_handle_errppEB8_
FNDA:0,_RNvXININtCs8Hczb6gz64m_15rs_liquid_xoxno14rs_xoxno_proxysh_0pEINtB5_15AddRewardsEventpENtNtNtCsbsz6KDzH3Ls_13multiversx_sc3abi8type_abi7TypeAbi9type_nameB7_
FNDA:0,_RINvXININtCs8Hczb6gz64m_15rs_liquid_xoxno14rs_xoxno_proxysh_0pEINtB6_15AddRewardsEventpENtNtNtCsbsz6KDzH3Ls_13multiversx_sc3abi8type_abi7TypeAbi25provide_type_descriptionspEB8_
FNF:30
FNH:13
DA:23,89
DA:24,89
DA:25,89
DA:46,0
DA:47,0
DA:48,0
DA:49,0
DA:50,0
DA:51,0
DA:52,0
DA:53,0
DA:54,0
DA:55,0
DA:56,0
DA:57,0
DA:69,0
DA:70,0
DA:71,0
DA:72,0
DA:73,0
DA:74,0
DA:75,0
DA:76,0
DA:88,17
DA:89,17
DA:90,17
DA:91,17
DA:92,17
DA:93,17
DA:94,17
DA:95,17
DA:96,17
DA:97,17
DA:98,17
DA:100,7
DA:101,7
DA:102,7
DA:103,7
DA:104,7
DA:105,7
DA:106,7
DA:108,2
DA:109,2
DA:110,2
DA:111,2
DA:112,2
DA:113,2
DA:114,2
DA:116,6
DA:117,6
DA:118,6
DA:119,6
DA:120,6
DA:121,6
DA:122,6
DA:124,0
DA:125,0
DA:126,0
DA:127,0
DA:128,0
DA:129,0
DA:130,0
DA:131,0
DA:132,0
DA:133,0
DA:134,0
DA:135,0
DA:137,0
DA:138,0
DA:139,0
DA:140,0
DA:141,0
DA:142,0
DA:143,0
DA:144,0
DA:145,0
DA:146,0
DA:147,0
DA:148,0
DA:150,0
DA:151,0
DA:152,0
DA:153,0
DA:154,0
DA:155,0
DA:156,0
DA:157,0
DA:159,0
DA:160,0
DA:161,0
DA:162,0
DA:163,0
DA:164,0
DA:165,0
DA:166,0
DA:167,0
DA:168,0
DA:169,0
DA:170,0
DA:171,0
DA:172,0
DA:173,0
DA:174,0
DA:175,0
DA:177,0
DA:178,0
DA:179,0
DA:180,0
DA:181,0
DA:182,0
DA:183,0
DA:184,0
DA:185,0
DA:186,0
DA:187,0
DA:188,0
DA:189,0
DA:190,0
DA:191,0
DA:192,0
DA:193,0
DA:195,12
DA:196,12
DA:197,12
DA:198,12
DA:199,12
DA:200,12
DA:201,12
DA:202,12
DA:204,1
DA:205,1
DA:206,1
DA:207,1
DA:208,1
DA:209,1
DA:210,1
DA:211,1
DA:213,3
DA:214,3
DA:215,3
DA:216,3
DA:217,3
DA:218,3
DA:219,3
DA:220,3
DA:222,0
DA:223,0
DA:224,0
DA:225,0
DA:226,0
DA:227,0
DA:228,0
DA:229,0
DA:231,1
DA:232,1
DA:233,1
DA:234,1
DA:235,1
DA:236,1
DA:237,1
DA:238,1
DA:240,19
DA:241,19
DA:242,19
DA:243,19
DA:244,19
DA:245,19
DA:246,19
DA:247,19
DA:249,20
DA:250,20
DA:251,20
DA:252,20
DA:253,20
DA:254,20
DA:255,20
DA:256,20
DA:258,0
DA:259,0
DA:260,0
DA:261,0
DA:262,0
DA:263,0
DA:264,0
DA:265,0
DA:267,1
DA:268,1
DA:269,1
DA:270,1
DA:271,1
DA:272,1
DA:273,1
DA:274,1
DA:277,0
DA:278,3
DA:284,0
DA:285,0
DA:300,0
DA:301,0
DA:318,0
DA:319,0
BRF:0
BRH:0
LF:202
LH:92
end_of_record